<?xml version="1.0" encoding="UTF-8"?>
<testsuite name="fi.jussi.restserver.restserver.RestServerApplicationTests" time="0.168" tests="1" errors="1" skipped="0" failures="0">
  <properties>
[...]
</properties>
  <testcase name="fetchOne" classname="fi.jussi.restserver.restserver.RestServerApplicationTests" time="0.168">
    <error message="I/O error on GET request for &quot;http://localhost:8080/api/locations/1&quot;: Connection refused (Connection refused); nested exception is java.net.ConnectException: Connection refused (Connection refused)" type="org.springframework.web.client.ResourceAccessException"><![CDATA[org.springframework.web.client.ResourceAccessException: I/O error on GET request for "http://localhost:8080/api/locations/1": Connection refused (Connection refused); nested exception is java.net.ConnectException: Connection refused (Connection refused)
	at java.net.PlainSocketImpl.socketConnect(Native Method)
	at java.net.AbstractPlainSocketImpl.doConnect(AbstractPlainSocketImpl.java:350)
	at java.net.AbstractPlainSocketImpl.connectToAddress(AbstractPlainSocketImpl.java:206)
	at java.net.AbstractPlainSocketImpl.connect(AbstractPlainSocketImpl.java:188)
	at java.net.SocksSocketImpl.connect(SocksSocketImpl.java:392)
	at java.net.Socket.connect(Socket.java:589)
	at java.net.Socket.connect(Socket.java:538)
	at sun.net.NetworkClient.doConnect(NetworkClient.java:180)
	at sun.net.www.http.HttpClient.openServer(HttpClient.java:463)
	at sun.net.www.http.HttpClient.openServer(HttpClient.java:558)
	at sun.net.www.http.HttpClient.<init>(HttpClient.java:242)
	at sun.net.www.http.HttpClient.New(HttpClient.java:339)
	at sun.net.www.http.HttpClient.New(HttpClient.java:357)
	at sun.net.www.protocol.http.HttpURLConnection.getNewHttpClient(HttpURLConnection.java:1220)
	at sun.net.www.protocol.http.HttpURLConnection.plainConnect0(HttpURLConnection.java:1156)
	at sun.net.www.protocol.http.HttpURLConnection.plainConnect(HttpURLConnection.java:1050)
	at sun.net.www.protocol.http.HttpURLConnection.connect(HttpURLConnection.java:984)
	at org.springframework.http.client.SimpleBufferingClientHttpRequest.executeInternal(SimpleBufferingClientHttpRequest.java:78)
	at org.springframework.http.client.AbstractBufferingClientHttpRequest.executeInternal(AbstractBufferingClientHttpRequest.java:48)
	at org.springframework.http.client.AbstractClientHttpRequest.execute(AbstractClientHttpRequest.java:53)
	at org.springframework.web.client.RestTemplate.doExecute(RestTemplate.java:652)
	at org.springframework.web.client.RestTemplate.execute(RestTemplate.java:613)
	at org.springframework.web.client.RestTemplate.getForEntity(RestTemplate.java:312)
	at org.springframework.boot.test.web.client.TestRestTemplate.getForEntity(TestRestTemplate.java:240)
	at fi.jussi.restserver.restserver.RestServerApplicationTests.fetchOne(RestServerApplicationTests.java:47)
]]></error>
    <system-out><![CDATA[19:14:19.158 [main] DEBUG org.springframework.test.context.junit4.SpringJUnit4ClassRunner - SpringJUnit4ClassRunner constructor called with [class fi.jussi.restserver.restserver.RestServerApplicationTests]
19:14:19.164 [main] DEBUG org.springframework.test.context.BootstrapUtils - Instantiating CacheAwareContextLoaderDelegate from class [org.springframework.test.context.cache.DefaultCacheAwareContextLoaderDelegate]
19:14:19.173 [main] DEBUG org.springframework.test.context.BootstrapUtils - Instantiating BootstrapContext using constructor [public org.springframework.test.context.support.DefaultBootstrapContext(java.lang.Class,org.springframework.test.context.CacheAwareContextLoaderDelegate)]
19:14:19.196 [main] DEBUG org.springframework.test.context.BootstrapUtils - Instantiating TestContextBootstrapper for test class [fi.jussi.restserver.restserver.RestServerApplicationTests] from class [org.springframework.boot.test.context.SpringBootTestContextBootstrapper]
19:14:19.211 [main] INFO org.springframework.boot.test.context.SpringBootTestContextBootstrapper - Neither @ContextConfiguration nor @ContextHierarchy found for test class [fi.jussi.restserver.restserver.RestServerApplicationTests], using SpringBootContextLoader
19:14:19.218 [main] DEBUG org.springframework.test.context.support.AbstractContextLoader - Did not detect default resource location for test class [fi.jussi.restserver.restserver.RestServerApplicationTests]: class path resource [fi/jussi/restserver/restserver/RestServerApplicationTests-context.xml] does not exist
19:14:19.218 [main] DEBUG org.springframework.test.context.support.AbstractContextLoader - Did not detect default resource location for test class [fi.jussi.restserver.restserver.RestServerApplicationTests]: class path resource [fi/jussi/restserver/restserver/RestServerApplicationTestsContext.groovy] does not exist
19:14:19.218 [main] INFO org.springframework.test.context.support.AbstractContextLoader - Could not detect default resource locations for test class [fi.jussi.restserver.restserver.RestServerApplicationTests]: no resource found for suffixes {-context.xml, Context.groovy}.
19:14:19.219 [main] INFO org.springframework.test.context.support.AnnotationConfigContextLoaderUtils - Could not detect default configuration classes for test class [fi.jussi.restserver.restserver.RestServerApplicationTests]: RestServerApplicationTests does not declare any static, non-private, non-final, nested classes annotated with @Configuration.
19:14:19.264 [main] DEBUG org.springframework.test.context.support.ActiveProfilesUtils - Could not find an 'annotation declaring class' for annotation type [org.springframework.test.context.ActiveProfiles] and class [fi.jussi.restserver.restserver.RestServerApplicationTests]
19:14:19.274 [main] DEBUG org.springframework.core.env.StandardEnvironment - Adding PropertySource 'systemProperties' with lowest search precedence
19:14:19.275 [main] DEBUG org.springframework.core.env.StandardEnvironment - Adding PropertySource 'systemEnvironment' with lowest search precedence
19:14:19.277 [main] DEBUG org.springframework.core.env.StandardEnvironment - Initialized StandardEnvironment with PropertySources [MapPropertySource@1392425346 {name='systemProperties', properties={java.runtime.name=Java(TM) SE Runtime Environment, sun.boot.library.path=/Library/Java/JavaVirtualMachines/jdk1.8.0_151.jdk/Contents/Home/jre/lib, java.vm.version=25.151-b12, user.country.format=FI, gopherProxySet=false, java.vm.vendor=Oracle Corporation, java.vendor.url=http://java.oracle.com/, path.separator=:, java.vm.name=Java HotSpot(TM) 64-Bit Server VM, file.encoding.pkg=sun.io, user.country=US, sun.java.launcher=SUN_STANDARD, sun.os.patch.level=unknown, java.vm.specification.name=Java Virtual Machine Specification, user.dir=/Users/jussi/Documents/course-material-new/front-end-mestari/rest-server/back-end, java.runtime.version=1.8.0_151-b12, basedir=/Users/jussi/Documents/course-material-new/front-end-mestari/rest-server/back-end, java.awt.graphicsenv=sun.awt.CGraphicsEnvironment, java.endorsed.dirs=/Library/Java/JavaVirtualMachines/jdk1.8.0_151.jdk/Contents/Home/jre/lib/endorsed, os.arch=x86_64, surefire.real.class.path=/Users/jussi/Documents/course-material-new/front-end-mestari/rest-server/back-end/target/surefire/surefirebooter4743746995586195685.jar, java.io.tmpdir=/var/folders/4g/1p7nhyrd0sx4s5mdybknz5rh0000gp/T/, line.separator=
, java.vm.specification.vendor=Oracle Corporation, os.name=Mac OS X, sun.jnu.encoding=UTF-8, java.library.path=/Users/jussi/Library/Java/Extensions:/Library/Java/Extensions:/Network/Library/Java/Extensions:/System/Library/Java/Extensions:/usr/lib/java:., surefire.test.class.path=/Users/jussi/Documents/course-material-new/front-end-mestari/rest-server/back-end/target/test-classes:/Users/jussi/Documents/course-material-new/front-end-mestari/rest-server/back-end/target/classes:/Users/jussi/.m2/repository/org/springframework/boot/spring-boot-starter-data-jpa/1.5.7.RELEASE/spring-boot-starter-data-jpa-1.5.7.RELEASE.jar:/Users/jussi/.m2/repository/org/springframework/boot/spring-boot-starter/1.5.7.RELEASE/spring-boot-starter-1.5.7.RELEASE.jar:/Users/jussi/.m2/repository/org/springframework/boot/spring-boot/1.5.7.RELEASE/spring-boot-1.5.7.RELEASE.jar:/Users/jussi/.m2/repository/org/springframework/boot/spring-boot-autoconfigure/1.5.7.RELEASE/spring-boot-autoconfigure-1.5.7.RELEASE.jar:/Users/jussi/.m2/repository/org/springframework/boot/spring-boot-starter-logging/1.5.7.RELEASE/spring-boot-starter-logging-1.5.7.RELEASE.jar:/Users/jussi/.m2/repository/ch/qos/logback/logback-classic/1.1.11/logback-classic-1.1.11.jar:/Users/jussi/.m2/repository/ch/qos/logback/logback-core/1.1.11/logback-core-1.1.11.jar:/Users/jussi/.m2/repository/org/slf4j/jul-to-slf4j/1.7.25/jul-to-slf4j-1.7.25.jar:/Users/jussi/.m2/repository/org/slf4j/log4j-over-slf4j/1.7.25/log4j-over-slf4j-1.7.25.jar:/Users/jussi/.m2/repository/org/yaml/snakeyaml/1.17/snakeyaml-1.17.jar:/Users/jussi/.m2/repository/org/springframework/boot/spring-boot-starter-aop/1.5.7.RELEASE/spring-boot-starter-aop-1.5.7.RELEASE.jar:/Users/jussi/.m2/repository/org/springframework/spring-aop/4.3.11.RELEASE/spring-aop-4.3.11.RELEASE.jar:/Users/jussi/.m2/repository/org/aspectj/aspectjweaver/1.8.10/aspectjweaver-1.8.10.jar:/Users/jussi/.m2/repository/org/springframework/boot/spring-boot-starter-jdbc/1.5.7.RELEASE/spring-boot-starter-jdbc-1.5.7.RELEASE.jar:/Users/jussi/.m2/repository/org/apache/tomcat/tomcat-jdbc/8.5.20/tomcat-jdbc-8.5.20.jar:/Users/jussi/.m2/repository/org/apache/tomcat/tomcat-juli/8.5.20/tomcat-juli-8.5.20.jar:/Users/jussi/.m2/repository/org/springframework/spring-jdbc/4.3.11.RELEASE/spring-jdbc-4.3.11.RELEASE.jar:/Users/jussi/.m2/repository/org/hibernate/hibernate-core/5.0.12.Final/hibernate-core-5.0.12.Final.jar:/Users/jussi/.m2/repository/org/jboss/logging/jboss-logging/3.3.1.Final/jboss-logging-3.3.1.Final.jar:/Users/jussi/.m2/repository/org/hibernate/javax/persistence/hibernate-jpa-2.1-api/1.0.0.Final/hibernate-jpa-2.1-api-1.0.0.Final.jar:/Users/jussi/.m2/repository/org/javassist/javassist/3.21.0-GA/javassist-3.21.0-GA.jar:/Users/jussi/.m2/repository/antlr/antlr/2.7.7/antlr-2.7.7.jar:/Users/jussi/.m2/repository/org/jboss/jandex/2.0.0.Final/jandex-2.0.0.Final.jar:/Users/jussi/.m2/repository/dom4j/dom4j/1.6.1/dom4j-1.6.1.jar:/Users/jussi/.m2/repository/org/hibernate/common/hibernate-commons-annotations/5.0.1.Final/hibernate-commons-annotations-5.0.1.Final.jar:/Users/jussi/.m2/repository/org/hibernate/hibernate-entitymanager/5.0.12.Final/hibernate-entitymanager-5.0.12.Final.jar:/Users/jussi/.m2/repository/javax/transaction/javax.transaction-api/1.2/javax.transaction-api-1.2.jar:/Users/jussi/.m2/repository/org/springframework/data/spring-data-jpa/1.11.7.RELEASE/spring-data-jpa-1.11.7.RELEASE.jar:/Users/jussi/.m2/repository/org/springframework/data/spring-data-commons/1.13.7.RELEASE/spring-data-commons-1.13.7.RELEASE.jar:/Users/jussi/.m2/repository/org/springframework/spring-orm/4.3.11.RELEASE/spring-orm-4.3.11.RELEASE.jar:/Users/jussi/.m2/repository/org/springframework/spring-context/4.3.11.RELEASE/spring-context-4.3.11.RELEASE.jar:/Users/jussi/.m2/repository/org/springframework/spring-tx/4.3.11.RELEASE/spring-tx-4.3.11.RELEASE.jar:/Users/jussi/.m2/repository/org/springframework/spring-beans/4.3.11.RELEASE/spring-beans-4.3.11.RELEASE.jar:/Users/jussi/.m2/repository/org/slf4j/slf4j-api/1.7.25/slf4j-api-1.7.25.jar:/Users/jussi/.m2/repository/org/slf4j/jcl-over-slf4j/1.7.25/jcl-over-slf4j-1.7.25.jar:/Users/jussi/.m2/repository/org/springframework/spring-aspects/4.3.11.RELEASE/spring-aspects-4.3.11.RELEASE.jar:/Users/jussi/.m2/repository/org/springframework/boot/spring-boot-starter-web/1.5.7.RELEASE/spring-boot-starter-web-1.5.7.RELEASE.jar:/Users/jussi/.m2/repository/org/springframework/boot/spring-boot-starter-tomcat/1.5.7.RELEASE/spring-boot-starter-tomcat-1.5.7.RELEASE.jar:/Users/jussi/.m2/repository/org/apache/tomcat/embed/tomcat-embed-core/8.5.20/tomcat-embed-core-8.5.20.jar:/Users/jussi/.m2/repository/org/apache/tomcat/embed/tomcat-embed-el/8.5.20/tomcat-embed-el-8.5.20.jar:/Users/jussi/.m2/repository/org/apache/tomcat/embed/tomcat-embed-websocket/8.5.20/tomcat-embed-websocket-8.5.20.jar:/Users/jussi/.m2/repository/org/hibernate/hibernate-validator/5.3.5.Final/hibernate-validator-5.3.5.Final.jar:/Users/jussi/.m2/repository/javax/validation/validation-api/1.1.0.Final/validation-api-1.1.0.Final.jar:/Users/jussi/.m2/repository/com/fasterxml/classmate/1.3.4/classmate-1.3.4.jar:/Users/jussi/.m2/repository/com/fasterxml/jackson/core/jackson-databind/2.8.10/jackson-databind-2.8.10.jar:/Users/jussi/.m2/repository/com/fasterxml/jackson/core/jackson-annotations/2.8.0/jackson-annotations-2.8.0.jar:/Users/jussi/.m2/repository/com/fasterxml/jackson/core/jackson-core/2.8.10/jackson-core-2.8.10.jar:/Users/jussi/.m2/repository/org/springframework/spring-web/4.3.11.RELEASE/spring-web-4.3.11.RELEASE.jar:/Users/jussi/.m2/repository/org/springframework/spring-webmvc/4.3.11.RELEASE/spring-webmvc-4.3.11.RELEASE.jar:/Users/jussi/.m2/repository/org/springframework/spring-expression/4.3.11.RELEASE/spring-expression-4.3.11.RELEASE.jar:/Users/jussi/.m2/repository/com/h2database/h2/1.4.196/h2-1.4.196.jar:/Users/jussi/.m2/repository/org/springframework/boot/spring-boot-starter-test/1.5.7.RELEASE/spring-boot-starter-test-1.5.7.RELEASE.jar:/Users/jussi/.m2/repository/org/springframework/boot/spring-boot-test/1.5.7.RELEASE/spring-boot-test-1.5.7.RELEASE.jar:/Users/jussi/.m2/repository/org/springframework/boot/spring-boot-test-autoconfigure/1.5.7.RELEASE/spring-boot-test-autoconfigure-1.5.7.RELEASE.jar:/Users/jussi/.m2/repository/com/jayway/jsonpath/json-path/2.2.0/json-path-2.2.0.jar:/Users/jussi/.m2/repository/net/minidev/json-smart/2.2.1/json-smart-2.2.1.jar:/Users/jussi/.m2/repository/net/minidev/accessors-smart/1.1/accessors-smart-1.1.jar:/Users/jussi/.m2/repository/org/ow2/asm/asm/5.0.3/asm-5.0.3.jar:/Users/jussi/.m2/repository/junit/junit/4.12/junit-4.12.jar:/Users/jussi/.m2/repository/org/assertj/assertj-core/2.6.0/assertj-core-2.6.0.jar:/Users/jussi/.m2/repository/org/mockito/mockito-core/1.10.19/mockito-core-1.10.19.jar:/Users/jussi/.m2/repository/org/objenesis/objenesis/2.1/objenesis-2.1.jar:/Users/jussi/.m2/repository/org/hamcrest/hamcrest-core/1.3/hamcrest-core-1.3.jar:/Users/jussi/.m2/repository/org/hamcrest/hamcrest-library/1.3/hamcrest-library-1.3.jar:/Users/jussi/.m2/repository/org/skyscreamer/jsonassert/1.4.0/jsonassert-1.4.0.jar:/Users/jussi/.m2/repository/com/vaadin/external/google/android-json/0.0.20131108.vaadin1/android-json-0.0.20131108.vaadin1.jar:/Users/jussi/.m2/repository/org/springframework/spring-core/4.3.11.RELEASE/spring-core-4.3.11.RELEASE.jar:/Users/jussi/.m2/repository/org/springframework/spring-test/4.3.11.RELEASE/spring-test-4.3.11.RELEASE.jar:, java.specification.name=Java Platform API Specification, java.class.version=52.0, sun.management.compiler=HotSpot 64-Bit Tiered Compilers, os.version=10.12.6, user.home=/Users/jussi, user.timezone=Europe/Helsinki, java.awt.printerjob=sun.lwawt.macosx.CPrinterJob, file.encoding=UTF-8, java.specification.version=1.8, java.class.path=/Users/jussi/Documents/course-material-new/front-end-mestari/rest-server/back-end/target/test-classes:/Users/jussi/Documents/course-material-new/front-end-mestari/rest-server/back-end/target/classes:/Users/jussi/.m2/repository/org/springframework/boot/spring-boot-starter-data-jpa/1.5.7.RELEASE/spring-boot-starter-data-jpa-1.5.7.RELEASE.jar:/Users/jussi/.m2/repository/org/springframework/boot/spring-boot-starter/1.5.7.RELEASE/spring-boot-starter-1.5.7.RELEASE.jar:/Users/jussi/.m2/repository/org/springframework/boot/spring-boot/1.5.7.RELEASE/spring-boot-1.5.7.RELEASE.jar:/Users/jussi/.m2/repository/org/springframework/boot/spring-boot-autoconfigure/1.5.7.RELEASE/spring-boot-autoconfigure-1.5.7.RELEASE.jar:/Users/jussi/.m2/repository/org/springframework/boot/spring-boot-starter-logging/1.5.7.RELEASE/spring-boot-starter-logging-1.5.7.RELEASE.jar:/Users/jussi/.m2/repository/ch/qos/logback/logback-classic/1.1.11/logback-classic-1.1.11.jar:/Users/jussi/.m2/repository/ch/qos/logback/logback-core/1.1.11/logback-core-1.1.11.jar:/Users/jussi/.m2/repository/org/slf4j/jul-to-slf4j/1.7.25/jul-to-slf4j-1.7.25.jar:/Users/jussi/.m2/repository/org/slf4j/log4j-over-slf4j/1.7.25/log4j-over-slf4j-1.7.25.jar:/Users/jussi/.m2/repository/org/yaml/snakeyaml/1.17/snakeyaml-1.17.jar:/Users/jussi/.m2/repository/org/springframework/boot/spring-boot-starter-aop/1.5.7.RELEASE/spring-boot-starter-aop-1.5.7.RELEASE.jar:/Users/jussi/.m2/repository/org/springframework/spring-aop/4.3.11.RELEASE/spring-aop-4.3.11.RELEASE.jar:/Users/jussi/.m2/repository/org/aspectj/aspectjweaver/1.8.10/aspectjweaver-1.8.10.jar:/Users/jussi/.m2/repository/org/springframework/boot/spring-boot-starter-jdbc/1.5.7.RELEASE/spring-boot-starter-jdbc-1.5.7.RELEASE.jar:/Users/jussi/.m2/repository/org/apache/tomcat/tomcat-jdbc/8.5.20/tomcat-jdbc-8.5.20.jar:/Users/jussi/.m2/repository/org/apache/tomcat/tomcat-juli/8.5.20/tomcat-juli-8.5.20.jar:/Users/jussi/.m2/repository/org/springframework/spring-jdbc/4.3.11.RELEASE/spring-jdbc-4.3.11.RELEASE.jar:/Users/jussi/.m2/repository/org/hibernate/hibernate-core/5.0.12.Final/hibernate-core-5.0.12.Final.jar:/Users/jussi/.m2/repository/org/jboss/logging/jboss-logging/3.3.1.Final/jboss-logging-3.3.1.Final.jar:/Users/jussi/.m2/repository/org/hibernate/javax/persistence/hibernate-jpa-2.1-api/1.0.0.Final/hibernate-jpa-2.1-api-1.0.0.Final.jar:/Users/jussi/.m2/repository/org/javassist/javassist/3.21.0-GA/javassist-3.21.0-GA.jar:/Users/jussi/.m2/repository/antlr/antlr/2.7.7/antlr-2.7.7.jar:/Users/jussi/.m2/repository/org/jboss/jandex/2.0.0.Final/jandex-2.0.0.Final.jar:/Users/jussi/.m2/repository/dom4j/dom4j/1.6.1/dom4j-1.6.1.jar:/Users/jussi/.m2/repository/org/hibernate/common/hibernate-commons-annotations/5.0.1.Final/hibernate-commons-annotations-5.0.1.Final.jar:/Users/jussi/.m2/repository/org/hibernate/hibernate-entitymanager/5.0.12.Final/hibernate-entitymanager-5.0.12.Final.jar:/Users/jussi/.m2/repository/javax/transaction/javax.transaction-api/1.2/javax.transaction-api-1.2.jar:/Users/jussi/.m2/repository/org/springframework/data/spring-data-jpa/1.11.7.RELEASE/spring-data-jpa-1.11.7.RELEASE.jar:/Users/jussi/.m2/repository/org/springframework/data/spring-data-commons/1.13.7.RELEASE/spring-data-commons-1.13.7.RELEASE.jar:/Users/jussi/.m2/repository/org/springframework/spring-orm/4.3.11.RELEASE/spring-orm-4.3.11.RELEASE.jar:/Users/jussi/.m2/repository/org/springframework/spring-context/4.3.11.RELEASE/spring-context-4.3.11.RELEASE.jar:/Users/jussi/.m2/repository/org/springframework/spring-tx/4.3.11.RELEASE/spring-tx-4.3.11.RELEASE.jar:/Users/jussi/.m2/repository/org/springframework/spring-beans/4.3.11.RELEASE/spring-beans-4.3.11.RELEASE.jar:/Users/jussi/.m2/repository/org/slf4j/slf4j-api/1.7.25/slf4j-api-1.7.25.jar:/Users/jussi/.m2/repository/org/slf4j/jcl-over-slf4j/1.7.25/jcl-over-slf4j-1.7.25.jar:/Users/jussi/.m2/repository/org/springframework/spring-aspects/4.3.11.RELEASE/spring-aspects-4.3.11.RELEASE.jar:/Users/jussi/.m2/repository/org/springframework/boot/spring-boot-starter-web/1.5.7.RELEASE/spring-boot-starter-web-1.5.7.RELEASE.jar:/Users/jussi/.m2/repository/org/springframework/boot/spring-boot-starter-tomcat/1.5.7.RELEASE/spring-boot-starter-tomcat-1.5.7.RELEASE.jar:/Users/jussi/.m2/repository/org/apache/tomcat/embed/tomcat-embed-core/8.5.20/tomcat-embed-core-8.5.20.jar:/Users/jussi/.m2/repository/org/apache/tomcat/embed/tomcat-embed-el/8.5.20/tomcat-embed-el-8.5.20.jar:/Users/jussi/.m2/repository/org/apache/tomcat/embed/tomcat-embed-websocket/8.5.20/tomcat-embed-websocket-8.5.20.jar:/Users/jussi/.m2/repository/org/hibernate/hibernate-validator/5.3.5.Final/hibernate-validator-5.3.5.Final.jar:/Users/jussi/.m2/repository/javax/validation/validation-api/1.1.0.Final/validation-api-1.1.0.Final.jar:/Users/jussi/.m2/repository/com/fasterxml/classmate/1.3.4/classmate-1.3.4.jar:/Users/jussi/.m2/repository/com/fasterxml/jackson/core/jackson-databind/2.8.10/jackson-databind-2.8.10.jar:/Users/jussi/.m2/repository/com/fasterxml/jackson/core/jackson-annotations/2.8.0/jackson-annotations-2.8.0.jar:/Users/jussi/.m2/repository/com/fasterxml/jackson/core/jackson-core/2.8.10/jackson-core-2.8.10.jar:/Users/jussi/.m2/repository/org/springframework/spring-web/4.3.11.RELEASE/spring-web-4.3.11.RELEASE.jar:/Users/jussi/.m2/repository/org/springframework/spring-webmvc/4.3.11.RELEASE/spring-webmvc-4.3.11.RELEASE.jar:/Users/jussi/.m2/repository/org/springframework/spring-expression/4.3.11.RELEASE/spring-expression-4.3.11.RELEASE.jar:/Users/jussi/.m2/repository/com/h2database/h2/1.4.196/h2-1.4.196.jar:/Users/jussi/.m2/repository/org/springframework/boot/spring-boot-starter-test/1.5.7.RELEASE/spring-boot-starter-test-1.5.7.RELEASE.jar:/Users/jussi/.m2/repository/org/springframework/boot/spring-boot-test/1.5.7.RELEASE/spring-boot-test-1.5.7.RELEASE.jar:/Users/jussi/.m2/repository/org/springframework/boot/spring-boot-test-autoconfigure/1.5.7.RELEASE/spring-boot-test-autoconfigure-1.5.7.RELEASE.jar:/Users/jussi/.m2/repository/com/jayway/jsonpath/json-path/2.2.0/json-path-2.2.0.jar:/Users/jussi/.m2/repository/net/minidev/json-smart/2.2.1/json-smart-2.2.1.jar:/Users/jussi/.m2/repository/net/minidev/accessors-smart/1.1/accessors-smart-1.1.jar:/Users/jussi/.m2/repository/org/ow2/asm/asm/5.0.3/asm-5.0.3.jar:/Users/jussi/.m2/repository/junit/junit/4.12/junit-4.12.jar:/Users/jussi/.m2/repository/org/assertj/assertj-core/2.6.0/assertj-core-2.6.0.jar:/Users/jussi/.m2/repository/org/mockito/mockito-core/1.10.19/mockito-core-1.10.19.jar:/Users/jussi/.m2/repository/org/objenesis/objenesis/2.1/objenesis-2.1.jar:/Users/jussi/.m2/repository/org/hamcrest/hamcrest-core/1.3/hamcrest-core-1.3.jar:/Users/jussi/.m2/repository/org/hamcrest/hamcrest-library/1.3/hamcrest-library-1.3.jar:/Users/jussi/.m2/repository/org/skyscreamer/jsonassert/1.4.0/jsonassert-1.4.0.jar:/Users/jussi/.m2/repository/com/vaadin/external/google/android-json/0.0.20131108.vaadin1/android-json-0.0.20131108.vaadin1.jar:/Users/jussi/.m2/repository/org/springframework/spring-core/4.3.11.RELEASE/spring-core-4.3.11.RELEASE.jar:/Users/jussi/.m2/repository/org/springframework/spring-test/4.3.11.RELEASE/spring-test-4.3.11.RELEASE.jar:, user.name=jussi, java.vm.specification.version=1.8, sun.java.command=/Users/jussi/Documents/course-material-new/front-end-mestari/rest-server/back-end/target/surefire/surefirebooter4743746995586195685.jar /Users/jussi/Documents/course-material-new/front-end-mestari/rest-server/back-end/target/surefire/surefire2632142936890625833tmp /Users/jussi/Documents/course-material-new/front-end-mestari/rest-server/back-end/target/surefire/surefire_02906693899927475815tmp, java.home=/Library/Java/JavaVirtualMachines/jdk1.8.0_151.jdk/Contents/Home/jre, sun.arch.data.model=64, user.language=en, java.specification.vendor=Oracle Corporation, awt.toolkit=sun.lwawt.macosx.LWCToolkit, java.vm.info=mixed mode, java.version=1.8.0_151, java.ext.dirs=/Users/jussi/Library/Java/Extensions:/Library/Java/JavaVirtualMachines/jdk1.8.0_151.jdk/Contents/Home/jre/lib/ext:/Library/Java/Extensions:/Network/Library/Java/Extensions:/System/Library/Java/Extensions:/usr/lib/java, sun.boot.class.path=/Library/Java/JavaVirtualMachines/jdk1.8.0_151.jdk/Contents/Home/jre/lib/resources.jar:/Library/Java/JavaVirtualMachines/jdk1.8.0_151.jdk/Contents/Home/jre/lib/rt.jar:/Library/Java/JavaVirtualMachines/jdk1.8.0_151.jdk/Contents/Home/jre/lib/sunrsasign.jar:/Library/Java/JavaVirtualMachines/jdk1.8.0_151.jdk/Contents/Home/jre/lib/jsse.jar:/Library/Java/JavaVirtualMachines/jdk1.8.0_151.jdk/Contents/Home/jre/lib/jce.jar:/Library/Java/JavaVirtualMachines/jdk1.8.0_151.jdk/Contents/Home/jre/lib/charsets.jar:/Library/Java/JavaVirtualMachines/jdk1.8.0_151.jdk/Contents/Home/jre/lib/jfr.jar:/Library/Java/JavaVirtualMachines/jdk1.8.0_151.jdk/Contents/Home/jre/classes, java.vendor=Oracle Corporation, localRepository=/Users/jussi/.m2/repository, file.separator=/, java.vendor.url.bug=http://bugreport.sun.com/bugreport/, sun.io.unicode.encoding=UnicodeBig, sun.cpu.endian=little, sun.cpu.isalist=}}, SystemEnvironmentPropertySource@2054574951 {name='systemEnvironment', properties={PATH=/usr/local/bin:/usr/bin:/bin:/usr/sbin:/sbin:/usr/local/git/bin:/Library/Frameworks/Mono.framework/Versions/Current/Commands:/Users/jussi/Developer-pohjus/adt-bundle-mac/sdk/platform-tools:/Users/jussi/Developer-pohjus/adt-bundle-mac/sdk/tools:/Users/jussi/Developer-pohjus/apache-ant-1.9.3/bin:/Library/Frameworks/GDAL.framework/Programs:/Users/jussi/Developer-pohjus/apache-maven-3.3.9/bin:/Users/jussi/Developer-pohjus/global-node-modules:/Users/jussi/Developer-pohjus/mongodb-osx-x86_64-3.0.6/bin:/Library/Java/JavaVirtualMachines/jdk1.8.0_45.jdk/Contents/Home/db/bin:/Users/jussi/Developer-pohjus/payara412/bin/:/Users/jussi/Developer-pohjus/apache-tomcat-8.0.32/bin:/Applications/XAMPP/bin:/Users/jussi/Developer-pohjus/global-node-modules/bin/:/Library/Frameworks/Python.framework/Versions/3.4/bin, JAVA_HOME=/Library/Java/JavaVirtualMachines/jdk1.8.0_151.jdk/Contents/Home, TERM=xterm-256color, ANDROID_HOME=/Users/jussi/Developer-pohjus/adt-bundle-mac/sdk/, ITERM_SESSION_ID=w3t0p0:771B2D02-1E13-4D55-A730-BF28E07DE5C1, COLORTERM=truecolor, JAVA_MAIN_CLASS_39186=org.codehaus.plexus.classworlds.launcher.Launcher, LOGNAME=jussi, TOMCAT_HOME=/Users/jussi/Developer-pohjus/apache-tomcat-8.0.32/, JAVA_MAIN_CLASS_39200=org.apache.maven.surefire.booter.ForkedBooter, XPC_SERVICE_NAME=0, PWD=/Users/jussi/Documents/course-material-new/front-end-mestari/rest-server/back-end, TERM_PROGRAM_VERSION=3.1.6beta5, DERBY_HOME=/Library/Java/JavaVirtualMachines/jdk1.8.0_45.jdk/Contents/Home/db/, MAVEN_CMD_LINE_ARGS= test, _=/Library/Java/JavaVirtualMachines/jdk1.8.0_151.jdk/Contents/Home/jre/bin/java, SHELL=/bin/bash, TERM_PROGRAM=iTerm.app, MAVEN_PROJECTBASEDIR=/Users/jussi/Documents/course-material-new/front-end-mestari/rest-server/back-end, OLDPWD=/Users/jussi/Documents/course-material-new/front-end-mestari/rest-server/back-end, USER=jussi, ITERM_PROFILE=Default, TMPDIR=/var/folders/4g/1p7nhyrd0sx4s5mdybknz5rh0000gp/T/, SSH_AUTH_SOCK=/private/tmp/com.apple.launchd.2WwaTRNKN0/Listeners, XPC_FLAGS=0x0, TERM_SESSION_ID=w3t0p0:771B2D02-1E13-4D55-A730-BF28E07DE5C1, __CF_USER_TEXT_ENCODING=0x1F6:0x0:0x0, Apple_PubSub_Socket_Render=/private/tmp/com.apple.launchd.A8Dar9h4Hh/Render, LC_CTYPE=UTF-8, COLORFGBG=7;0, HOME=/Users/jussi, SHLVL=2}}]
19:14:19.296 [main] DEBUG org.springframework.core.io.support.PathMatchingResourcePatternResolver - Resolved classpath location [fi/jussi/restserver/restserver/] to resources [URL [file:/Users/jussi/Documents/course-material-new/front-end-mestari/rest-server/back-end/target/test-classes/fi/jussi/restserver/restserver/], URL [file:/Users/jussi/Documents/course-material-new/front-end-mestari/rest-server/back-end/target/classes/fi/jussi/restserver/restserver/]]
19:14:19.297 [main] DEBUG org.springframework.core.io.support.PathMatchingResourcePatternResolver - Looking for matching resources in directory tree [/Users/jussi/Documents/course-material-new/front-end-mestari/rest-server/back-end/target/test-classes/fi/jussi/restserver/restserver]
19:14:19.297 [main] DEBUG org.springframework.core.io.support.PathMatchingResourcePatternResolver - Searching directory [/Users/jussi/Documents/course-material-new/front-end-mestari/rest-server/back-end/target/test-classes/fi/jussi/restserver/restserver] for files matching pattern [/Users/jussi/Documents/course-material-new/front-end-mestari/rest-server/back-end/target/test-classes/fi/jussi/restserver/restserver/*.class]
19:14:19.301 [main] DEBUG org.springframework.core.io.support.PathMatchingResourcePatternResolver - Looking for matching resources in directory tree [/Users/jussi/Documents/course-material-new/front-end-mestari/rest-server/back-end/target/classes/fi/jussi/restserver/restserver]
19:14:19.302 [main] DEBUG org.springframework.core.io.support.PathMatchingResourcePatternResolver - Searching directory [/Users/jussi/Documents/course-material-new/front-end-mestari/rest-server/back-end/target/classes/fi/jussi/restserver/restserver] for files matching pattern [/Users/jussi/Documents/course-material-new/front-end-mestari/rest-server/back-end/target/classes/fi/jussi/restserver/restserver/*.class]
19:14:19.305 [main] DEBUG org.springframework.core.io.support.PathMatchingResourcePatternResolver - Resolved location pattern [classpath*:fi/jussi/restserver/restserver/*.class] to resources [file [/Users/jussi/Documents/course-material-new/front-end-mestari/rest-server/back-end/target/test-classes/fi/jussi/restserver/restserver/RestServerApplicationTests$1.class], file [/Users/jussi/Documents/course-material-new/front-end-mestari/rest-server/back-end/target/test-classes/fi/jussi/restserver/restserver/RestServerApplicationTests.class], file [/Users/jussi/Documents/course-material-new/front-end-mestari/rest-server/back-end/target/classes/fi/jussi/restserver/restserver/RestServerApplication.class]]
19:14:19.384 [main] DEBUG org.springframework.context.annotation.ClassPathScanningCandidateComponentProvider - Identified candidate component class: file [/Users/jussi/Documents/course-material-new/front-end-mestari/rest-server/back-end/target/classes/fi/jussi/restserver/restserver/RestServerApplication.class]
19:14:19.385 [main] INFO org.springframework.boot.test.context.SpringBootTestContextBootstrapper - Found @SpringBootConfiguration fi.jussi.restserver.restserver.RestServerApplication for test class fi.jussi.restserver.restserver.RestServerApplicationTests
19:14:19.388 [main] DEBUG org.springframework.boot.test.context.SpringBootTestContextBootstrapper - @TestExecutionListeners is not present for class [fi.jussi.restserver.restserver.RestServerApplicationTests]: using defaults.
19:14:19.392 [main] INFO org.springframework.boot.test.context.SpringBootTestContextBootstrapper - Loaded default TestExecutionListener class names from location [META-INF/spring.factories]: [org.springframework.boot.test.mock.mockito.MockitoTestExecutionListener, org.springframework.boot.test.mock.mockito.ResetMocksTestExecutionListener, org.springframework.boot.test.autoconfigure.restdocs.RestDocsTestExecutionListener, org.springframework.boot.test.autoconfigure.web.client.MockRestServiceServerResetTestExecutionListener, org.springframework.boot.test.autoconfigure.web.servlet.MockMvcPrintOnlyOnFailureTestExecutionListener, org.springframework.boot.test.autoconfigure.web.servlet.WebDriverTestExecutionListener, org.springframework.test.context.web.ServletTestExecutionListener, org.springframework.test.context.support.DirtiesContextBeforeModesTestExecutionListener, org.springframework.test.context.support.DependencyInjectionTestExecutionListener, org.springframework.test.context.support.DirtiesContextTestExecutionListener, org.springframework.test.context.transaction.TransactionalTestExecutionListener, org.springframework.test.context.jdbc.SqlScriptsTestExecutionListener]
19:14:19.420 [main] INFO org.springframework.boot.test.context.SpringBootTestContextBootstrapper - Using TestExecutionListeners: [org.springframework.test.context.web.ServletTestExecutionListener@49070868, org.springframework.test.context.support.DirtiesContextBeforeModesTestExecutionListener@6385cb26, org.springframework.boot.test.autoconfigure.SpringBootDependencyInjectionTestExecutionListener@38364841, org.springframework.test.context.support.DirtiesContextTestExecutionListener@28c4711c, org.springframework.test.context.transaction.TransactionalTestExecutionListener@59717824, org.springframework.test.context.jdbc.SqlScriptsTestExecutionListener@146044d7, org.springframework.boot.test.autoconfigure.web.servlet.MockMvcPrintOnlyOnFailureTestExecutionListener@1e9e725a, org.springframework.boot.test.mock.mockito.MockitoTestExecutionListener@15d9bc04, org.springframework.boot.test.mock.mockito.ResetMocksTestExecutionListener@473b46c3, org.springframework.boot.test.autoconfigure.restdocs.RestDocsTestExecutionListener@516be40f, org.springframework.boot.test.autoconfigure.web.client.MockRestServiceServerResetTestExecutionListener@3c0a50da, org.springframework.boot.test.autoconfigure.web.servlet.WebDriverTestExecutionListener@646be2c3]
19:14:19.423 [main] DEBUG org.springframework.test.annotation.ProfileValueUtils - Retrieved @ProfileValueSourceConfiguration [null] for test class [fi.jussi.restserver.restserver.RestServerApplicationTests]
19:14:19.423 [main] DEBUG org.springframework.test.annotation.ProfileValueUtils - Retrieved ProfileValueSource type [class org.springframework.test.annotation.SystemProfileValueSource] for class [fi.jussi.restserver.restserver.RestServerApplicationTests]
19:14:19.425 [main] DEBUG org.springframework.test.context.junit4.SpringJUnit4ClassRunner - SpringJUnit4ClassRunner constructor called with [class fi.jussi.restserver.restserver.RestServerApplicationTests]
19:14:19.426 [main] DEBUG org.springframework.test.context.BootstrapUtils - Instantiating CacheAwareContextLoaderDelegate from class [org.springframework.test.context.cache.DefaultCacheAwareContextLoaderDelegate]
19:14:19.426 [main] DEBUG org.springframework.test.context.BootstrapUtils - Instantiating BootstrapContext using constructor [public org.springframework.test.context.support.DefaultBootstrapContext(java.lang.Class,org.springframework.test.context.CacheAwareContextLoaderDelegate)]
19:14:19.426 [main] DEBUG org.springframework.test.context.BootstrapUtils - Instantiating TestContextBootstrapper for test class [fi.jussi.restserver.restserver.RestServerApplicationTests] from class [org.springframework.boot.test.context.SpringBootTestContextBootstrapper]
19:14:19.427 [main] INFO org.springframework.boot.test.context.SpringBootTestContextBootstrapper - Neither @ContextConfiguration nor @ContextHierarchy found for test class [fi.jussi.restserver.restserver.RestServerApplicationTests], using SpringBootContextLoader
19:14:19.427 [main] DEBUG org.springframework.test.context.support.AbstractContextLoader - Did not detect default resource location for test class [fi.jussi.restserver.restserver.RestServerApplicationTests]: class path resource [fi/jussi/restserver/restserver/RestServerApplicationTests-context.xml] does not exist
19:14:19.428 [main] DEBUG org.springframework.test.context.support.AbstractContextLoader - Did not detect default resource location for test class [fi.jussi.restserver.restserver.RestServerApplicationTests]: class path resource [fi/jussi/restserver/restserver/RestServerApplicationTestsContext.groovy] does not exist
19:14:19.428 [main] INFO org.springframework.test.context.support.AbstractContextLoader - Could not detect default resource locations for test class [fi.jussi.restserver.restserver.RestServerApplicationTests]: no resource found for suffixes {-context.xml, Context.groovy}.
19:14:19.428 [main] INFO org.springframework.test.context.support.AnnotationConfigContextLoaderUtils - Could not detect default configuration classes for test class [fi.jussi.restserver.restserver.RestServerApplicationTests]: RestServerApplicationTests does not declare any static, non-private, non-final, nested classes annotated with @Configuration.
19:14:19.435 [main] DEBUG org.springframework.test.context.support.ActiveProfilesUtils - Could not find an 'annotation declaring class' for annotation type [org.springframework.test.context.ActiveProfiles] and class [fi.jussi.restserver.restserver.RestServerApplicationTests]
19:14:19.436 [main] DEBUG org.springframework.core.env.StandardEnvironment - Adding PropertySource 'systemProperties' with lowest search precedence
19:14:19.436 [main] DEBUG org.springframework.core.env.StandardEnvironment - Adding PropertySource 'systemEnvironment' with lowest search precedence
19:14:19.437 [main] DEBUG org.springframework.core.env.StandardEnvironment - Initialized StandardEnvironment with PropertySources [MapPropertySource@1800659519 {name='systemProperties', properties={java.runtime.name=Java(TM) SE Runtime Environment, sun.boot.library.path=/Library/Java/JavaVirtualMachines/jdk1.8.0_151.jdk/Contents/Home/jre/lib, java.vm.version=25.151-b12, user.country.format=FI, gopherProxySet=false, java.vm.vendor=Oracle Corporation, java.vendor.url=http://java.oracle.com/, path.separator=:, java.vm.name=Java HotSpot(TM) 64-Bit Server VM, file.encoding.pkg=sun.io, user.country=US, sun.java.launcher=SUN_STANDARD, sun.os.patch.level=unknown, java.vm.specification.name=Java Virtual Machine Specification, user.dir=/Users/jussi/Documents/course-material-new/front-end-mestari/rest-server/back-end, java.runtime.version=1.8.0_151-b12, basedir=/Users/jussi/Documents/course-material-new/front-end-mestari/rest-server/back-end, java.awt.graphicsenv=sun.awt.CGraphicsEnvironment, java.endorsed.dirs=/Library/Java/JavaVirtualMachines/jdk1.8.0_151.jdk/Contents/Home/jre/lib/endorsed, os.arch=x86_64, surefire.real.class.path=/Users/jussi/Documents/course-material-new/front-end-mestari/rest-server/back-end/target/surefire/surefirebooter4743746995586195685.jar, java.io.tmpdir=/var/folders/4g/1p7nhyrd0sx4s5mdybknz5rh0000gp/T/, line.separator=
, java.vm.specification.vendor=Oracle Corporation, os.name=Mac OS X, sun.jnu.encoding=UTF-8, java.library.path=/Users/jussi/Library/Java/Extensions:/Library/Java/Extensions:/Network/Library/Java/Extensions:/System/Library/Java/Extensions:/usr/lib/java:., surefire.test.class.path=/Users/jussi/Documents/course-material-new/front-end-mestari/rest-server/back-end/target/test-classes:/Users/jussi/Documents/course-material-new/front-end-mestari/rest-server/back-end/target/classes:/Users/jussi/.m2/repository/org/springframework/boot/spring-boot-starter-data-jpa/1.5.7.RELEASE/spring-boot-starter-data-jpa-1.5.7.RELEASE.jar:/Users/jussi/.m2/repository/org/springframework/boot/spring-boot-starter/1.5.7.RELEASE/spring-boot-starter-1.5.7.RELEASE.jar:/Users/jussi/.m2/repository/org/springframework/boot/spring-boot/1.5.7.RELEASE/spring-boot-1.5.7.RELEASE.jar:/Users/jussi/.m2/repository/org/springframework/boot/spring-boot-autoconfigure/1.5.7.RELEASE/spring-boot-autoconfigure-1.5.7.RELEASE.jar:/Users/jussi/.m2/repository/org/springframework/boot/spring-boot-starter-logging/1.5.7.RELEASE/spring-boot-starter-logging-1.5.7.RELEASE.jar:/Users/jussi/.m2/repository/ch/qos/logback/logback-classic/1.1.11/logback-classic-1.1.11.jar:/Users/jussi/.m2/repository/ch/qos/logback/logback-core/1.1.11/logback-core-1.1.11.jar:/Users/jussi/.m2/repository/org/slf4j/jul-to-slf4j/1.7.25/jul-to-slf4j-1.7.25.jar:/Users/jussi/.m2/repository/org/slf4j/log4j-over-slf4j/1.7.25/log4j-over-slf4j-1.7.25.jar:/Users/jussi/.m2/repository/org/yaml/snakeyaml/1.17/snakeyaml-1.17.jar:/Users/jussi/.m2/repository/org/springframework/boot/spring-boot-starter-aop/1.5.7.RELEASE/spring-boot-starter-aop-1.5.7.RELEASE.jar:/Users/jussi/.m2/repository/org/springframework/spring-aop/4.3.11.RELEASE/spring-aop-4.3.11.RELEASE.jar:/Users/jussi/.m2/repository/org/aspectj/aspectjweaver/1.8.10/aspectjweaver-1.8.10.jar:/Users/jussi/.m2/repository/org/springframework/boot/spring-boot-starter-jdbc/1.5.7.RELEASE/spring-boot-starter-jdbc-1.5.7.RELEASE.jar:/Users/jussi/.m2/repository/org/apache/tomcat/tomcat-jdbc/8.5.20/tomcat-jdbc-8.5.20.jar:/Users/jussi/.m2/repository/org/apache/tomcat/tomcat-juli/8.5.20/tomcat-juli-8.5.20.jar:/Users/jussi/.m2/repository/org/springframework/spring-jdbc/4.3.11.RELEASE/spring-jdbc-4.3.11.RELEASE.jar:/Users/jussi/.m2/repository/org/hibernate/hibernate-core/5.0.12.Final/hibernate-core-5.0.12.Final.jar:/Users/jussi/.m2/repository/org/jboss/logging/jboss-logging/3.3.1.Final/jboss-logging-3.3.1.Final.jar:/Users/jussi/.m2/repository/org/hibernate/javax/persistence/hibernate-jpa-2.1-api/1.0.0.Final/hibernate-jpa-2.1-api-1.0.0.Final.jar:/Users/jussi/.m2/repository/org/javassist/javassist/3.21.0-GA/javassist-3.21.0-GA.jar:/Users/jussi/.m2/repository/antlr/antlr/2.7.7/antlr-2.7.7.jar:/Users/jussi/.m2/repository/org/jboss/jandex/2.0.0.Final/jandex-2.0.0.Final.jar:/Users/jussi/.m2/repository/dom4j/dom4j/1.6.1/dom4j-1.6.1.jar:/Users/jussi/.m2/repository/org/hibernate/common/hibernate-commons-annotations/5.0.1.Final/hibernate-commons-annotations-5.0.1.Final.jar:/Users/jussi/.m2/repository/org/hibernate/hibernate-entitymanager/5.0.12.Final/hibernate-entitymanager-5.0.12.Final.jar:/Users/jussi/.m2/repository/javax/transaction/javax.transaction-api/1.2/javax.transaction-api-1.2.jar:/Users/jussi/.m2/repository/org/springframework/data/spring-data-jpa/1.11.7.RELEASE/spring-data-jpa-1.11.7.RELEASE.jar:/Users/jussi/.m2/repository/org/springframework/data/spring-data-commons/1.13.7.RELEASE/spring-data-commons-1.13.7.RELEASE.jar:/Users/jussi/.m2/repository/org/springframework/spring-orm/4.3.11.RELEASE/spring-orm-4.3.11.RELEASE.jar:/Users/jussi/.m2/repository/org/springframework/spring-context/4.3.11.RELEASE/spring-context-4.3.11.RELEASE.jar:/Users/jussi/.m2/repository/org/springframework/spring-tx/4.3.11.RELEASE/spring-tx-4.3.11.RELEASE.jar:/Users/jussi/.m2/repository/org/springframework/spring-beans/4.3.11.RELEASE/spring-beans-4.3.11.RELEASE.jar:/Users/jussi/.m2/repository/org/slf4j/slf4j-api/1.7.25/slf4j-api-1.7.25.jar:/Users/jussi/.m2/repository/org/slf4j/jcl-over-slf4j/1.7.25/jcl-over-slf4j-1.7.25.jar:/Users/jussi/.m2/repository/org/springframework/spring-aspects/4.3.11.RELEASE/spring-aspects-4.3.11.RELEASE.jar:/Users/jussi/.m2/repository/org/springframework/boot/spring-boot-starter-web/1.5.7.RELEASE/spring-boot-starter-web-1.5.7.RELEASE.jar:/Users/jussi/.m2/repository/org/springframework/boot/spring-boot-starter-tomcat/1.5.7.RELEASE/spring-boot-starter-tomcat-1.5.7.RELEASE.jar:/Users/jussi/.m2/repository/org/apache/tomcat/embed/tomcat-embed-core/8.5.20/tomcat-embed-core-8.5.20.jar:/Users/jussi/.m2/repository/org/apache/tomcat/embed/tomcat-embed-el/8.5.20/tomcat-embed-el-8.5.20.jar:/Users/jussi/.m2/repository/org/apache/tomcat/embed/tomcat-embed-websocket/8.5.20/tomcat-embed-websocket-8.5.20.jar:/Users/jussi/.m2/repository/org/hibernate/hibernate-validator/5.3.5.Final/hibernate-validator-5.3.5.Final.jar:/Users/jussi/.m2/repository/javax/validation/validation-api/1.1.0.Final/validation-api-1.1.0.Final.jar:/Users/jussi/.m2/repository/com/fasterxml/classmate/1.3.4/classmate-1.3.4.jar:/Users/jussi/.m2/repository/com/fasterxml/jackson/core/jackson-databind/2.8.10/jackson-databind-2.8.10.jar:/Users/jussi/.m2/repository/com/fasterxml/jackson/core/jackson-annotations/2.8.0/jackson-annotations-2.8.0.jar:/Users/jussi/.m2/repository/com/fasterxml/jackson/core/jackson-core/2.8.10/jackson-core-2.8.10.jar:/Users/jussi/.m2/repository/org/springframework/spring-web/4.3.11.RELEASE/spring-web-4.3.11.RELEASE.jar:/Users/jussi/.m2/repository/org/springframework/spring-webmvc/4.3.11.RELEASE/spring-webmvc-4.3.11.RELEASE.jar:/Users/jussi/.m2/repository/org/springframework/spring-expression/4.3.11.RELEASE/spring-expression-4.3.11.RELEASE.jar:/Users/jussi/.m2/repository/com/h2database/h2/1.4.196/h2-1.4.196.jar:/Users/jussi/.m2/repository/org/springframework/boot/spring-boot-starter-test/1.5.7.RELEASE/spring-boot-starter-test-1.5.7.RELEASE.jar:/Users/jussi/.m2/repository/org/springframework/boot/spring-boot-test/1.5.7.RELEASE/spring-boot-test-1.5.7.RELEASE.jar:/Users/jussi/.m2/repository/org/springframework/boot/spring-boot-test-autoconfigure/1.5.7.RELEASE/spring-boot-test-autoconfigure-1.5.7.RELEASE.jar:/Users/jussi/.m2/repository/com/jayway/jsonpath/json-path/2.2.0/json-path-2.2.0.jar:/Users/jussi/.m2/repository/net/minidev/json-smart/2.2.1/json-smart-2.2.1.jar:/Users/jussi/.m2/repository/net/minidev/accessors-smart/1.1/accessors-smart-1.1.jar:/Users/jussi/.m2/repository/org/ow2/asm/asm/5.0.3/asm-5.0.3.jar:/Users/jussi/.m2/repository/junit/junit/4.12/junit-4.12.jar:/Users/jussi/.m2/repository/org/assertj/assertj-core/2.6.0/assertj-core-2.6.0.jar:/Users/jussi/.m2/repository/org/mockito/mockito-core/1.10.19/mockito-core-1.10.19.jar:/Users/jussi/.m2/repository/org/objenesis/objenesis/2.1/objenesis-2.1.jar:/Users/jussi/.m2/repository/org/hamcrest/hamcrest-core/1.3/hamcrest-core-1.3.jar:/Users/jussi/.m2/repository/org/hamcrest/hamcrest-library/1.3/hamcrest-library-1.3.jar:/Users/jussi/.m2/repository/org/skyscreamer/jsonassert/1.4.0/jsonassert-1.4.0.jar:/Users/jussi/.m2/repository/com/vaadin/external/google/android-json/0.0.20131108.vaadin1/android-json-0.0.20131108.vaadin1.jar:/Users/jussi/.m2/repository/org/springframework/spring-core/4.3.11.RELEASE/spring-core-4.3.11.RELEASE.jar:/Users/jussi/.m2/repository/org/springframework/spring-test/4.3.11.RELEASE/spring-test-4.3.11.RELEASE.jar:, java.specification.name=Java Platform API Specification, java.class.version=52.0, sun.management.compiler=HotSpot 64-Bit Tiered Compilers, os.version=10.12.6, user.home=/Users/jussi, user.timezone=Europe/Helsinki, java.awt.printerjob=sun.lwawt.macosx.CPrinterJob, file.encoding=UTF-8, java.specification.version=1.8, java.class.path=/Users/jussi/Documents/course-material-new/front-end-mestari/rest-server/back-end/target/test-classes:/Users/jussi/Documents/course-material-new/front-end-mestari/rest-server/back-end/target/classes:/Users/jussi/.m2/repository/org/springframework/boot/spring-boot-starter-data-jpa/1.5.7.RELEASE/spring-boot-starter-data-jpa-1.5.7.RELEASE.jar:/Users/jussi/.m2/repository/org/springframework/boot/spring-boot-starter/1.5.7.RELEASE/spring-boot-starter-1.5.7.RELEASE.jar:/Users/jussi/.m2/repository/org/springframework/boot/spring-boot/1.5.7.RELEASE/spring-boot-1.5.7.RELEASE.jar:/Users/jussi/.m2/repository/org/springframework/boot/spring-boot-autoconfigure/1.5.7.RELEASE/spring-boot-autoconfigure-1.5.7.RELEASE.jar:/Users/jussi/.m2/repository/org/springframework/boot/spring-boot-starter-logging/1.5.7.RELEASE/spring-boot-starter-logging-1.5.7.RELEASE.jar:/Users/jussi/.m2/repository/ch/qos/logback/logback-classic/1.1.11/logback-classic-1.1.11.jar:/Users/jussi/.m2/repository/ch/qos/logback/logback-core/1.1.11/logback-core-1.1.11.jar:/Users/jussi/.m2/repository/org/slf4j/jul-to-slf4j/1.7.25/jul-to-slf4j-1.7.25.jar:/Users/jussi/.m2/repository/org/slf4j/log4j-over-slf4j/1.7.25/log4j-over-slf4j-1.7.25.jar:/Users/jussi/.m2/repository/org/yaml/snakeyaml/1.17/snakeyaml-1.17.jar:/Users/jussi/.m2/repository/org/springframework/boot/spring-boot-starter-aop/1.5.7.RELEASE/spring-boot-starter-aop-1.5.7.RELEASE.jar:/Users/jussi/.m2/repository/org/springframework/spring-aop/4.3.11.RELEASE/spring-aop-4.3.11.RELEASE.jar:/Users/jussi/.m2/repository/org/aspectj/aspectjweaver/1.8.10/aspectjweaver-1.8.10.jar:/Users/jussi/.m2/repository/org/springframework/boot/spring-boot-starter-jdbc/1.5.7.RELEASE/spring-boot-starter-jdbc-1.5.7.RELEASE.jar:/Users/jussi/.m2/repository/org/apache/tomcat/tomcat-jdbc/8.5.20/tomcat-jdbc-8.5.20.jar:/Users/jussi/.m2/repository/org/apache/tomcat/tomcat-juli/8.5.20/tomcat-juli-8.5.20.jar:/Users/jussi/.m2/repository/org/springframework/spring-jdbc/4.3.11.RELEASE/spring-jdbc-4.3.11.RELEASE.jar:/Users/jussi/.m2/repository/org/hibernate/hibernate-core/5.0.12.Final/hibernate-core-5.0.12.Final.jar:/Users/jussi/.m2/repository/org/jboss/logging/jboss-logging/3.3.1.Final/jboss-logging-3.3.1.Final.jar:/Users/jussi/.m2/repository/org/hibernate/javax/persistence/hibernate-jpa-2.1-api/1.0.0.Final/hibernate-jpa-2.1-api-1.0.0.Final.jar:/Users/jussi/.m2/repository/org/javassist/javassist/3.21.0-GA/javassist-3.21.0-GA.jar:/Users/jussi/.m2/repository/antlr/antlr/2.7.7/antlr-2.7.7.jar:/Users/jussi/.m2/repository/org/jboss/jandex/2.0.0.Final/jandex-2.0.0.Final.jar:/Users/jussi/.m2/repository/dom4j/dom4j/1.6.1/dom4j-1.6.1.jar:/Users/jussi/.m2/repository/org/hibernate/common/hibernate-commons-annotations/5.0.1.Final/hibernate-commons-annotations-5.0.1.Final.jar:/Users/jussi/.m2/repository/org/hibernate/hibernate-entitymanager/5.0.12.Final/hibernate-entitymanager-5.0.12.Final.jar:/Users/jussi/.m2/repository/javax/transaction/javax.transaction-api/1.2/javax.transaction-api-1.2.jar:/Users/jussi/.m2/repository/org/springframework/data/spring-data-jpa/1.11.7.RELEASE/spring-data-jpa-1.11.7.RELEASE.jar:/Users/jussi/.m2/repository/org/springframework/data/spring-data-commons/1.13.7.RELEASE/spring-data-commons-1.13.7.RELEASE.jar:/Users/jussi/.m2/repository/org/springframework/spring-orm/4.3.11.RELEASE/spring-orm-4.3.11.RELEASE.jar:/Users/jussi/.m2/repository/org/springframework/spring-context/4.3.11.RELEASE/spring-context-4.3.11.RELEASE.jar:/Users/jussi/.m2/repository/org/springframework/spring-tx/4.3.11.RELEASE/spring-tx-4.3.11.RELEASE.jar:/Users/jussi/.m2/repository/org/springframework/spring-beans/4.3.11.RELEASE/spring-beans-4.3.11.RELEASE.jar:/Users/jussi/.m2/repository/org/slf4j/slf4j-api/1.7.25/slf4j-api-1.7.25.jar:/Users/jussi/.m2/repository/org/slf4j/jcl-over-slf4j/1.7.25/jcl-over-slf4j-1.7.25.jar:/Users/jussi/.m2/repository/org/springframework/spring-aspects/4.3.11.RELEASE/spring-aspects-4.3.11.RELEASE.jar:/Users/jussi/.m2/repository/org/springframework/boot/spring-boot-starter-web/1.5.7.RELEASE/spring-boot-starter-web-1.5.7.RELEASE.jar:/Users/jussi/.m2/repository/org/springframework/boot/spring-boot-starter-tomcat/1.5.7.RELEASE/spring-boot-starter-tomcat-1.5.7.RELEASE.jar:/Users/jussi/.m2/repository/org/apache/tomcat/embed/tomcat-embed-core/8.5.20/tomcat-embed-core-8.5.20.jar:/Users/jussi/.m2/repository/org/apache/tomcat/embed/tomcat-embed-el/8.5.20/tomcat-embed-el-8.5.20.jar:/Users/jussi/.m2/repository/org/apache/tomcat/embed/tomcat-embed-websocket/8.5.20/tomcat-embed-websocket-8.5.20.jar:/Users/jussi/.m2/repository/org/hibernate/hibernate-validator/5.3.5.Final/hibernate-validator-5.3.5.Final.jar:/Users/jussi/.m2/repository/javax/validation/validation-api/1.1.0.Final/validation-api-1.1.0.Final.jar:/Users/jussi/.m2/repository/com/fasterxml/classmate/1.3.4/classmate-1.3.4.jar:/Users/jussi/.m2/repository/com/fasterxml/jackson/core/jackson-databind/2.8.10/jackson-databind-2.8.10.jar:/Users/jussi/.m2/repository/com/fasterxml/jackson/core/jackson-annotations/2.8.0/jackson-annotations-2.8.0.jar:/Users/jussi/.m2/repository/com/fasterxml/jackson/core/jackson-core/2.8.10/jackson-core-2.8.10.jar:/Users/jussi/.m2/repository/org/springframework/spring-web/4.3.11.RELEASE/spring-web-4.3.11.RELEASE.jar:/Users/jussi/.m2/repository/org/springframework/spring-webmvc/4.3.11.RELEASE/spring-webmvc-4.3.11.RELEASE.jar:/Users/jussi/.m2/repository/org/springframework/spring-expression/4.3.11.RELEASE/spring-expression-4.3.11.RELEASE.jar:/Users/jussi/.m2/repository/com/h2database/h2/1.4.196/h2-1.4.196.jar:/Users/jussi/.m2/repository/org/springframework/boot/spring-boot-starter-test/1.5.7.RELEASE/spring-boot-starter-test-1.5.7.RELEASE.jar:/Users/jussi/.m2/repository/org/springframework/boot/spring-boot-test/1.5.7.RELEASE/spring-boot-test-1.5.7.RELEASE.jar:/Users/jussi/.m2/repository/org/springframework/boot/spring-boot-test-autoconfigure/1.5.7.RELEASE/spring-boot-test-autoconfigure-1.5.7.RELEASE.jar:/Users/jussi/.m2/repository/com/jayway/jsonpath/json-path/2.2.0/json-path-2.2.0.jar:/Users/jussi/.m2/repository/net/minidev/json-smart/2.2.1/json-smart-2.2.1.jar:/Users/jussi/.m2/repository/net/minidev/accessors-smart/1.1/accessors-smart-1.1.jar:/Users/jussi/.m2/repository/org/ow2/asm/asm/5.0.3/asm-5.0.3.jar:/Users/jussi/.m2/repository/junit/junit/4.12/junit-4.12.jar:/Users/jussi/.m2/repository/org/assertj/assertj-core/2.6.0/assertj-core-2.6.0.jar:/Users/jussi/.m2/repository/org/mockito/mockito-core/1.10.19/mockito-core-1.10.19.jar:/Users/jussi/.m2/repository/org/objenesis/objenesis/2.1/objenesis-2.1.jar:/Users/jussi/.m2/repository/org/hamcrest/hamcrest-core/1.3/hamcrest-core-1.3.jar:/Users/jussi/.m2/repository/org/hamcrest/hamcrest-library/1.3/hamcrest-library-1.3.jar:/Users/jussi/.m2/repository/org/skyscreamer/jsonassert/1.4.0/jsonassert-1.4.0.jar:/Users/jussi/.m2/repository/com/vaadin/external/google/android-json/0.0.20131108.vaadin1/android-json-0.0.20131108.vaadin1.jar:/Users/jussi/.m2/repository/org/springframework/spring-core/4.3.11.RELEASE/spring-core-4.3.11.RELEASE.jar:/Users/jussi/.m2/repository/org/springframework/spring-test/4.3.11.RELEASE/spring-test-4.3.11.RELEASE.jar:, user.name=jussi, java.vm.specification.version=1.8, sun.java.command=/Users/jussi/Documents/course-material-new/front-end-mestari/rest-server/back-end/target/surefire/surefirebooter4743746995586195685.jar /Users/jussi/Documents/course-material-new/front-end-mestari/rest-server/back-end/target/surefire/surefire2632142936890625833tmp /Users/jussi/Documents/course-material-new/front-end-mestari/rest-server/back-end/target/surefire/surefire_02906693899927475815tmp, java.home=/Library/Java/JavaVirtualMachines/jdk1.8.0_151.jdk/Contents/Home/jre, sun.arch.data.model=64, user.language=en, java.specification.vendor=Oracle Corporation, awt.toolkit=sun.lwawt.macosx.LWCToolkit, java.vm.info=mixed mode, java.version=1.8.0_151, java.ext.dirs=/Users/jussi/Library/Java/Extensions:/Library/Java/JavaVirtualMachines/jdk1.8.0_151.jdk/Contents/Home/jre/lib/ext:/Library/Java/Extensions:/Network/Library/Java/Extensions:/System/Library/Java/Extensions:/usr/lib/java, sun.boot.class.path=/Library/Java/JavaVirtualMachines/jdk1.8.0_151.jdk/Contents/Home/jre/lib/resources.jar:/Library/Java/JavaVirtualMachines/jdk1.8.0_151.jdk/Contents/Home/jre/lib/rt.jar:/Library/Java/JavaVirtualMachines/jdk1.8.0_151.jdk/Contents/Home/jre/lib/sunrsasign.jar:/Library/Java/JavaVirtualMachines/jdk1.8.0_151.jdk/Contents/Home/jre/lib/jsse.jar:/Library/Java/JavaVirtualMachines/jdk1.8.0_151.jdk/Contents/Home/jre/lib/jce.jar:/Library/Java/JavaVirtualMachines/jdk1.8.0_151.jdk/Contents/Home/jre/lib/charsets.jar:/Library/Java/JavaVirtualMachines/jdk1.8.0_151.jdk/Contents/Home/jre/lib/jfr.jar:/Library/Java/JavaVirtualMachines/jdk1.8.0_151.jdk/Contents/Home/jre/classes, java.vendor=Oracle Corporation, localRepository=/Users/jussi/.m2/repository, file.separator=/, java.vendor.url.bug=http://bugreport.sun.com/bugreport/, sun.io.unicode.encoding=UnicodeBig, sun.cpu.endian=little, sun.cpu.isalist=}}, SystemEnvironmentPropertySource@1691538257 {name='systemEnvironment', properties={PATH=/usr/local/bin:/usr/bin:/bin:/usr/sbin:/sbin:/usr/local/git/bin:/Library/Frameworks/Mono.framework/Versions/Current/Commands:/Users/jussi/Developer-pohjus/adt-bundle-mac/sdk/platform-tools:/Users/jussi/Developer-pohjus/adt-bundle-mac/sdk/tools:/Users/jussi/Developer-pohjus/apache-ant-1.9.3/bin:/Library/Frameworks/GDAL.framework/Programs:/Users/jussi/Developer-pohjus/apache-maven-3.3.9/bin:/Users/jussi/Developer-pohjus/global-node-modules:/Users/jussi/Developer-pohjus/mongodb-osx-x86_64-3.0.6/bin:/Library/Java/JavaVirtualMachines/jdk1.8.0_45.jdk/Contents/Home/db/bin:/Users/jussi/Developer-pohjus/payara412/bin/:/Users/jussi/Developer-pohjus/apache-tomcat-8.0.32/bin:/Applications/XAMPP/bin:/Users/jussi/Developer-pohjus/global-node-modules/bin/:/Library/Frameworks/Python.framework/Versions/3.4/bin, JAVA_HOME=/Library/Java/JavaVirtualMachines/jdk1.8.0_151.jdk/Contents/Home, TERM=xterm-256color, ANDROID_HOME=/Users/jussi/Developer-pohjus/adt-bundle-mac/sdk/, ITERM_SESSION_ID=w3t0p0:771B2D02-1E13-4D55-A730-BF28E07DE5C1, COLORTERM=truecolor, JAVA_MAIN_CLASS_39186=org.codehaus.plexus.classworlds.launcher.Launcher, LOGNAME=jussi, TOMCAT_HOME=/Users/jussi/Developer-pohjus/apache-tomcat-8.0.32/, JAVA_MAIN_CLASS_39200=org.apache.maven.surefire.booter.ForkedBooter, XPC_SERVICE_NAME=0, PWD=/Users/jussi/Documents/course-material-new/front-end-mestari/rest-server/back-end, TERM_PROGRAM_VERSION=3.1.6beta5, DERBY_HOME=/Library/Java/JavaVirtualMachines/jdk1.8.0_45.jdk/Contents/Home/db/, MAVEN_CMD_LINE_ARGS= test, _=/Library/Java/JavaVirtualMachines/jdk1.8.0_151.jdk/Contents/Home/jre/bin/java, SHELL=/bin/bash, TERM_PROGRAM=iTerm.app, MAVEN_PROJECTBASEDIR=/Users/jussi/Documents/course-material-new/front-end-mestari/rest-server/back-end, OLDPWD=/Users/jussi/Documents/course-material-new/front-end-mestari/rest-server/back-end, USER=jussi, ITERM_PROFILE=Default, TMPDIR=/var/folders/4g/1p7nhyrd0sx4s5mdybknz5rh0000gp/T/, SSH_AUTH_SOCK=/private/tmp/com.apple.launchd.2WwaTRNKN0/Listeners, XPC_FLAGS=0x0, TERM_SESSION_ID=w3t0p0:771B2D02-1E13-4D55-A730-BF28E07DE5C1, __CF_USER_TEXT_ENCODING=0x1F6:0x0:0x0, Apple_PubSub_Socket_Render=/private/tmp/com.apple.launchd.A8Dar9h4Hh/Render, LC_CTYPE=UTF-8, COLORFGBG=7;0, HOME=/Users/jussi, SHLVL=2}}]
19:14:19.440 [main] INFO org.springframework.boot.test.context.SpringBootTestContextBootstrapper - Found @SpringBootConfiguration fi.jussi.restserver.restserver.RestServerApplication for test class fi.jussi.restserver.restserver.RestServerApplicationTests
19:14:19.445 [main] DEBUG org.springframework.boot.test.context.SpringBootTestContextBootstrapper - @TestExecutionListeners is not present for class [fi.jussi.restserver.restserver.RestServerApplicationTests]: using defaults.
19:14:19.447 [main] INFO org.springframework.boot.test.context.SpringBootTestContextBootstrapper - Loaded default TestExecutionListener class names from location [META-INF/spring.factories]: [org.springframework.boot.test.mock.mockito.MockitoTestExecutionListener, org.springframework.boot.test.mock.mockito.ResetMocksTestExecutionListener, org.springframework.boot.test.autoconfigure.restdocs.RestDocsTestExecutionListener, org.springframework.boot.test.autoconfigure.web.client.MockRestServiceServerResetTestExecutionListener, org.springframework.boot.test.autoconfigure.web.servlet.MockMvcPrintOnlyOnFailureTestExecutionListener, org.springframework.boot.test.autoconfigure.web.servlet.WebDriverTestExecutionListener, org.springframework.test.context.web.ServletTestExecutionListener, org.springframework.test.context.support.DirtiesContextBeforeModesTestExecutionListener, org.springframework.test.context.support.DependencyInjectionTestExecutionListener, org.springframework.test.context.support.DirtiesContextTestExecutionListener, org.springframework.test.context.transaction.TransactionalTestExecutionListener, org.springframework.test.context.jdbc.SqlScriptsTestExecutionListener]
19:14:19.450 [main] INFO org.springframework.boot.test.context.SpringBootTestContextBootstrapper - Using TestExecutionListeners: [org.springframework.test.context.web.ServletTestExecutionListener@67e2d983, org.springframework.test.context.support.DirtiesContextBeforeModesTestExecutionListener@5d47c63f, org.springframework.boot.test.autoconfigure.SpringBootDependencyInjectionTestExecutionListener@5ea434c8, org.springframework.test.context.support.DirtiesContextTestExecutionListener@3bbc39f8, org.springframework.test.context.transaction.TransactionalTestExecutionListener@4ae3c1cd, org.springframework.test.context.jdbc.SqlScriptsTestExecutionListener@29f69090, org.springframework.boot.test.autoconfigure.web.servlet.MockMvcPrintOnlyOnFailureTestExecutionListener@568bf312, org.springframework.boot.test.mock.mockito.MockitoTestExecutionListener@ca263c2, org.springframework.boot.test.mock.mockito.ResetMocksTestExecutionListener@589b3632, org.springframework.boot.test.autoconfigure.restdocs.RestDocsTestExecutionListener@45f45fa1, org.springframework.boot.test.autoconfigure.web.client.MockRestServiceServerResetTestExecutionListener@4c6e276e, org.springframework.boot.test.autoconfigure.web.servlet.WebDriverTestExecutionListener@534df152]
19:14:19.450 [main] DEBUG org.springframework.test.annotation.ProfileValueUtils - Retrieved @ProfileValueSourceConfiguration [null] for test class [fi.jussi.restserver.restserver.RestServerApplicationTests]
19:14:19.451 [main] DEBUG org.springframework.test.annotation.ProfileValueUtils - Retrieved ProfileValueSource type [class org.springframework.test.annotation.SystemProfileValueSource] for class [fi.jussi.restserver.restserver.RestServerApplicationTests]
19:14:19.451 [main] DEBUG org.springframework.test.annotation.ProfileValueUtils - Retrieved @ProfileValueSourceConfiguration [null] for test class [fi.jussi.restserver.restserver.RestServerApplicationTests]
19:14:19.452 [main] DEBUG org.springframework.test.annotation.ProfileValueUtils - Retrieved ProfileValueSource type [class org.springframework.test.annotation.SystemProfileValueSource] for class [fi.jussi.restserver.restserver.RestServerApplicationTests]
19:14:19.457 [main] DEBUG org.springframework.test.context.support.AbstractDirtiesContextTestExecutionListener - Before test class: context [DefaultTestContext@214b199c testClass = RestServerApplicationTests, testInstance = [null], testMethod = [null], testException = [null], mergedContextConfiguration = [WebMergedContextConfiguration@20d3d15a testClass = RestServerApplicationTests, locations = '{}', classes = '{class fi.jussi.restserver.restserver.RestServerApplication}', contextInitializerClasses = '[]', activeProfiles = '{}', propertySourceLocations = '{}', propertySourceProperties = '{org.springframework.boot.test.context.SpringBootTestContextBootstrapper=true, server.port=0}', contextCustomizers = set[org.springframework.boot.test.context.SpringBootTestContextCustomizer@2758fe70, org.springframework.boot.test.context.filter.ExcludeFilterContextCustomizer@551aa95a, org.springframework.boot.test.json.DuplicateJsonObjectContextCustomizerFactory$DuplicateJsonObjectContextCustomizer@6ebc05a6, org.springframework.boot.test.mock.mockito.MockitoContextCustomizer@0, org.springframework.boot.test.autoconfigure.properties.PropertyMappingContextCustomizer@0, org.springframework.boot.test.autoconfigure.web.servlet.WebDriverContextCustomizerFactory$Customizer@71bbf57e], resourceBasePath = 'src/main/webapp', contextLoader = 'org.springframework.boot.test.context.SpringBootContextLoader', parent = [null]]], class annotated with @DirtiesContext [false] with mode [null].
19:14:19.458 [main] DEBUG org.springframework.test.annotation.ProfileValueUtils - Retrieved @ProfileValueSourceConfiguration [null] for test class [fi.jussi.restserver.restserver.RestServerApplicationTests]
19:14:19.459 [main] DEBUG org.springframework.test.annotation.ProfileValueUtils - Retrieved ProfileValueSource type [class org.springframework.test.annotation.SystemProfileValueSource] for class [fi.jussi.restserver.restserver.RestServerApplicationTests]
19:14:19.460 [main] DEBUG org.springframework.test.context.support.DependencyInjectionTestExecutionListener - Performing dependency injection for test context [[DefaultTestContext@214b199c testClass = RestServerApplicationTests, testInstance = fi.jussi.restserver.restserver.RestServerApplicationTests@14a2f921, testMethod = [null], testException = [null], mergedContextConfiguration = [WebMergedContextConfiguration@20d3d15a testClass = RestServerApplicationTests, locations = '{}', classes = '{class fi.jussi.restserver.restserver.RestServerApplication}', contextInitializerClasses = '[]', activeProfiles = '{}', propertySourceLocations = '{}', propertySourceProperties = '{org.springframework.boot.test.context.SpringBootTestContextBootstrapper=true, server.port=0}', contextCustomizers = set[org.springframework.boot.test.context.SpringBootTestContextCustomizer@2758fe70, org.springframework.boot.test.context.filter.ExcludeFilterContextCustomizer@551aa95a, org.springframework.boot.test.json.DuplicateJsonObjectContextCustomizerFactory$DuplicateJsonObjectContextCustomizer@6ebc05a6, org.springframework.boot.test.mock.mockito.MockitoContextCustomizer@0, org.springframework.boot.test.autoconfigure.properties.PropertyMappingContextCustomizer@0, org.springframework.boot.test.autoconfigure.web.servlet.WebDriverContextCustomizerFactory$Customizer@71bbf57e], resourceBasePath = 'src/main/webapp', contextLoader = 'org.springframework.boot.test.context.SpringBootContextLoader', parent = [null]]]].
19:14:19.546 [main] DEBUG org.springframework.core.env.StandardEnvironment - Adding PropertySource 'systemProperties' with lowest search precedence
19:14:19.547 [main] DEBUG org.springframework.core.env.StandardEnvironment - Adding PropertySource 'systemEnvironment' with lowest search precedence
19:14:19.547 [main] DEBUG org.springframework.core.env.StandardEnvironment - Initialized StandardEnvironment with PropertySources [MapPropertySource@1667148529 {name='systemProperties', properties={java.runtime.name=Java(TM) SE Runtime Environment, sun.boot.library.path=/Library/Java/JavaVirtualMachines/jdk1.8.0_151.jdk/Contents/Home/jre/lib, java.vm.version=25.151-b12, user.country.format=FI, gopherProxySet=false, java.vm.vendor=Oracle Corporation, java.vendor.url=http://java.oracle.com/, path.separator=:, java.vm.name=Java HotSpot(TM) 64-Bit Server VM, file.encoding.pkg=sun.io, user.country=US, sun.java.launcher=SUN_STANDARD, sun.os.patch.level=unknown, java.vm.specification.name=Java Virtual Machine Specification, user.dir=/Users/jussi/Documents/course-material-new/front-end-mestari/rest-server/back-end, java.runtime.version=1.8.0_151-b12, basedir=/Users/jussi/Documents/course-material-new/front-end-mestari/rest-server/back-end, java.awt.graphicsenv=sun.awt.CGraphicsEnvironment, java.endorsed.dirs=/Library/Java/JavaVirtualMachines/jdk1.8.0_151.jdk/Contents/Home/jre/lib/endorsed, os.arch=x86_64, surefire.real.class.path=/Users/jussi/Documents/course-material-new/front-end-mestari/rest-server/back-end/target/surefire/surefirebooter4743746995586195685.jar, java.io.tmpdir=/var/folders/4g/1p7nhyrd0sx4s5mdybknz5rh0000gp/T/, line.separator=
, java.vm.specification.vendor=Oracle Corporation, os.name=Mac OS X, sun.jnu.encoding=UTF-8, java.library.path=/Users/jussi/Library/Java/Extensions:/Library/Java/Extensions:/Network/Library/Java/Extensions:/System/Library/Java/Extensions:/usr/lib/java:., surefire.test.class.path=/Users/jussi/Documents/course-material-new/front-end-mestari/rest-server/back-end/target/test-classes:/Users/jussi/Documents/course-material-new/front-end-mestari/rest-server/back-end/target/classes:/Users/jussi/.m2/repository/org/springframework/boot/spring-boot-starter-data-jpa/1.5.7.RELEASE/spring-boot-starter-data-jpa-1.5.7.RELEASE.jar:/Users/jussi/.m2/repository/org/springframework/boot/spring-boot-starter/1.5.7.RELEASE/spring-boot-starter-1.5.7.RELEASE.jar:/Users/jussi/.m2/repository/org/springframework/boot/spring-boot/1.5.7.RELEASE/spring-boot-1.5.7.RELEASE.jar:/Users/jussi/.m2/repository/org/springframework/boot/spring-boot-autoconfigure/1.5.7.RELEASE/spring-boot-autoconfigure-1.5.7.RELEASE.jar:/Users/jussi/.m2/repository/org/springframework/boot/spring-boot-starter-logging/1.5.7.RELEASE/spring-boot-starter-logging-1.5.7.RELEASE.jar:/Users/jussi/.m2/repository/ch/qos/logback/logback-classic/1.1.11/logback-classic-1.1.11.jar:/Users/jussi/.m2/repository/ch/qos/logback/logback-core/1.1.11/logback-core-1.1.11.jar:/Users/jussi/.m2/repository/org/slf4j/jul-to-slf4j/1.7.25/jul-to-slf4j-1.7.25.jar:/Users/jussi/.m2/repository/org/slf4j/log4j-over-slf4j/1.7.25/log4j-over-slf4j-1.7.25.jar:/Users/jussi/.m2/repository/org/yaml/snakeyaml/1.17/snakeyaml-1.17.jar:/Users/jussi/.m2/repository/org/springframework/boot/spring-boot-starter-aop/1.5.7.RELEASE/spring-boot-starter-aop-1.5.7.RELEASE.jar:/Users/jussi/.m2/repository/org/springframework/spring-aop/4.3.11.RELEASE/spring-aop-4.3.11.RELEASE.jar:/Users/jussi/.m2/repository/org/aspectj/aspectjweaver/1.8.10/aspectjweaver-1.8.10.jar:/Users/jussi/.m2/repository/org/springframework/boot/spring-boot-starter-jdbc/1.5.7.RELEASE/spring-boot-starter-jdbc-1.5.7.RELEASE.jar:/Users/jussi/.m2/repository/org/apache/tomcat/tomcat-jdbc/8.5.20/tomcat-jdbc-8.5.20.jar:/Users/jussi/.m2/repository/org/apache/tomcat/tomcat-juli/8.5.20/tomcat-juli-8.5.20.jar:/Users/jussi/.m2/repository/org/springframework/spring-jdbc/4.3.11.RELEASE/spring-jdbc-4.3.11.RELEASE.jar:/Users/jussi/.m2/repository/org/hibernate/hibernate-core/5.0.12.Final/hibernate-core-5.0.12.Final.jar:/Users/jussi/.m2/repository/org/jboss/logging/jboss-logging/3.3.1.Final/jboss-logging-3.3.1.Final.jar:/Users/jussi/.m2/repository/org/hibernate/javax/persistence/hibernate-jpa-2.1-api/1.0.0.Final/hibernate-jpa-2.1-api-1.0.0.Final.jar:/Users/jussi/.m2/repository/org/javassist/javassist/3.21.0-GA/javassist-3.21.0-GA.jar:/Users/jussi/.m2/repository/antlr/antlr/2.7.7/antlr-2.7.7.jar:/Users/jussi/.m2/repository/org/jboss/jandex/2.0.0.Final/jandex-2.0.0.Final.jar:/Users/jussi/.m2/repository/dom4j/dom4j/1.6.1/dom4j-1.6.1.jar:/Users/jussi/.m2/repository/org/hibernate/common/hibernate-commons-annotations/5.0.1.Final/hibernate-commons-annotations-5.0.1.Final.jar:/Users/jussi/.m2/repository/org/hibernate/hibernate-entitymanager/5.0.12.Final/hibernate-entitymanager-5.0.12.Final.jar:/Users/jussi/.m2/repository/javax/transaction/javax.transaction-api/1.2/javax.transaction-api-1.2.jar:/Users/jussi/.m2/repository/org/springframework/data/spring-data-jpa/1.11.7.RELEASE/spring-data-jpa-1.11.7.RELEASE.jar:/Users/jussi/.m2/repository/org/springframework/data/spring-data-commons/1.13.7.RELEASE/spring-data-commons-1.13.7.RELEASE.jar:/Users/jussi/.m2/repository/org/springframework/spring-orm/4.3.11.RELEASE/spring-orm-4.3.11.RELEASE.jar:/Users/jussi/.m2/repository/org/springframework/spring-context/4.3.11.RELEASE/spring-context-4.3.11.RELEASE.jar:/Users/jussi/.m2/repository/org/springframework/spring-tx/4.3.11.RELEASE/spring-tx-4.3.11.RELEASE.jar:/Users/jussi/.m2/repository/org/springframework/spring-beans/4.3.11.RELEASE/spring-beans-4.3.11.RELEASE.jar:/Users/jussi/.m2/repository/org/slf4j/slf4j-api/1.7.25/slf4j-api-1.7.25.jar:/Users/jussi/.m2/repository/org/slf4j/jcl-over-slf4j/1.7.25/jcl-over-slf4j-1.7.25.jar:/Users/jussi/.m2/repository/org/springframework/spring-aspects/4.3.11.RELEASE/spring-aspects-4.3.11.RELEASE.jar:/Users/jussi/.m2/repository/org/springframework/boot/spring-boot-starter-web/1.5.7.RELEASE/spring-boot-starter-web-1.5.7.RELEASE.jar:/Users/jussi/.m2/repository/org/springframework/boot/spring-boot-starter-tomcat/1.5.7.RELEASE/spring-boot-starter-tomcat-1.5.7.RELEASE.jar:/Users/jussi/.m2/repository/org/apache/tomcat/embed/tomcat-embed-core/8.5.20/tomcat-embed-core-8.5.20.jar:/Users/jussi/.m2/repository/org/apache/tomcat/embed/tomcat-embed-el/8.5.20/tomcat-embed-el-8.5.20.jar:/Users/jussi/.m2/repository/org/apache/tomcat/embed/tomcat-embed-websocket/8.5.20/tomcat-embed-websocket-8.5.20.jar:/Users/jussi/.m2/repository/org/hibernate/hibernate-validator/5.3.5.Final/hibernate-validator-5.3.5.Final.jar:/Users/jussi/.m2/repository/javax/validation/validation-api/1.1.0.Final/validation-api-1.1.0.Final.jar:/Users/jussi/.m2/repository/com/fasterxml/classmate/1.3.4/classmate-1.3.4.jar:/Users/jussi/.m2/repository/com/fasterxml/jackson/core/jackson-databind/2.8.10/jackson-databind-2.8.10.jar:/Users/jussi/.m2/repository/com/fasterxml/jackson/core/jackson-annotations/2.8.0/jackson-annotations-2.8.0.jar:/Users/jussi/.m2/repository/com/fasterxml/jackson/core/jackson-core/2.8.10/jackson-core-2.8.10.jar:/Users/jussi/.m2/repository/org/springframework/spring-web/4.3.11.RELEASE/spring-web-4.3.11.RELEASE.jar:/Users/jussi/.m2/repository/org/springframework/spring-webmvc/4.3.11.RELEASE/spring-webmvc-4.3.11.RELEASE.jar:/Users/jussi/.m2/repository/org/springframework/spring-expression/4.3.11.RELEASE/spring-expression-4.3.11.RELEASE.jar:/Users/jussi/.m2/repository/com/h2database/h2/1.4.196/h2-1.4.196.jar:/Users/jussi/.m2/repository/org/springframework/boot/spring-boot-starter-test/1.5.7.RELEASE/spring-boot-starter-test-1.5.7.RELEASE.jar:/Users/jussi/.m2/repository/org/springframework/boot/spring-boot-test/1.5.7.RELEASE/spring-boot-test-1.5.7.RELEASE.jar:/Users/jussi/.m2/repository/org/springframework/boot/spring-boot-test-autoconfigure/1.5.7.RELEASE/spring-boot-test-autoconfigure-1.5.7.RELEASE.jar:/Users/jussi/.m2/repository/com/jayway/jsonpath/json-path/2.2.0/json-path-2.2.0.jar:/Users/jussi/.m2/repository/net/minidev/json-smart/2.2.1/json-smart-2.2.1.jar:/Users/jussi/.m2/repository/net/minidev/accessors-smart/1.1/accessors-smart-1.1.jar:/Users/jussi/.m2/repository/org/ow2/asm/asm/5.0.3/asm-5.0.3.jar:/Users/jussi/.m2/repository/junit/junit/4.12/junit-4.12.jar:/Users/jussi/.m2/repository/org/assertj/assertj-core/2.6.0/assertj-core-2.6.0.jar:/Users/jussi/.m2/repository/org/mockito/mockito-core/1.10.19/mockito-core-1.10.19.jar:/Users/jussi/.m2/repository/org/objenesis/objenesis/2.1/objenesis-2.1.jar:/Users/jussi/.m2/repository/org/hamcrest/hamcrest-core/1.3/hamcrest-core-1.3.jar:/Users/jussi/.m2/repository/org/hamcrest/hamcrest-library/1.3/hamcrest-library-1.3.jar:/Users/jussi/.m2/repository/org/skyscreamer/jsonassert/1.4.0/jsonassert-1.4.0.jar:/Users/jussi/.m2/repository/com/vaadin/external/google/android-json/0.0.20131108.vaadin1/android-json-0.0.20131108.vaadin1.jar:/Users/jussi/.m2/repository/org/springframework/spring-core/4.3.11.RELEASE/spring-core-4.3.11.RELEASE.jar:/Users/jussi/.m2/repository/org/springframework/spring-test/4.3.11.RELEASE/spring-test-4.3.11.RELEASE.jar:, java.specification.name=Java Platform API Specification, java.class.version=52.0, sun.management.compiler=HotSpot 64-Bit Tiered Compilers, os.version=10.12.6, user.home=/Users/jussi, user.timezone=Europe/Helsinki, java.awt.printerjob=sun.lwawt.macosx.CPrinterJob, file.encoding=UTF-8, java.specification.version=1.8, java.class.path=/Users/jussi/Documents/course-material-new/front-end-mestari/rest-server/back-end/target/test-classes:/Users/jussi/Documents/course-material-new/front-end-mestari/rest-server/back-end/target/classes:/Users/jussi/.m2/repository/org/springframework/boot/spring-boot-starter-data-jpa/1.5.7.RELEASE/spring-boot-starter-data-jpa-1.5.7.RELEASE.jar:/Users/jussi/.m2/repository/org/springframework/boot/spring-boot-starter/1.5.7.RELEASE/spring-boot-starter-1.5.7.RELEASE.jar:/Users/jussi/.m2/repository/org/springframework/boot/spring-boot/1.5.7.RELEASE/spring-boot-1.5.7.RELEASE.jar:/Users/jussi/.m2/repository/org/springframework/boot/spring-boot-autoconfigure/1.5.7.RELEASE/spring-boot-autoconfigure-1.5.7.RELEASE.jar:/Users/jussi/.m2/repository/org/springframework/boot/spring-boot-starter-logging/1.5.7.RELEASE/spring-boot-starter-logging-1.5.7.RELEASE.jar:/Users/jussi/.m2/repository/ch/qos/logback/logback-classic/1.1.11/logback-classic-1.1.11.jar:/Users/jussi/.m2/repository/ch/qos/logback/logback-core/1.1.11/logback-core-1.1.11.jar:/Users/jussi/.m2/repository/org/slf4j/jul-to-slf4j/1.7.25/jul-to-slf4j-1.7.25.jar:/Users/jussi/.m2/repository/org/slf4j/log4j-over-slf4j/1.7.25/log4j-over-slf4j-1.7.25.jar:/Users/jussi/.m2/repository/org/yaml/snakeyaml/1.17/snakeyaml-1.17.jar:/Users/jussi/.m2/repository/org/springframework/boot/spring-boot-starter-aop/1.5.7.RELEASE/spring-boot-starter-aop-1.5.7.RELEASE.jar:/Users/jussi/.m2/repository/org/springframework/spring-aop/4.3.11.RELEASE/spring-aop-4.3.11.RELEASE.jar:/Users/jussi/.m2/repository/org/aspectj/aspectjweaver/1.8.10/aspectjweaver-1.8.10.jar:/Users/jussi/.m2/repository/org/springframework/boot/spring-boot-starter-jdbc/1.5.7.RELEASE/spring-boot-starter-jdbc-1.5.7.RELEASE.jar:/Users/jussi/.m2/repository/org/apache/tomcat/tomcat-jdbc/8.5.20/tomcat-jdbc-8.5.20.jar:/Users/jussi/.m2/repository/org/apache/tomcat/tomcat-juli/8.5.20/tomcat-juli-8.5.20.jar:/Users/jussi/.m2/repository/org/springframework/spring-jdbc/4.3.11.RELEASE/spring-jdbc-4.3.11.RELEASE.jar:/Users/jussi/.m2/repository/org/hibernate/hibernate-core/5.0.12.Final/hibernate-core-5.0.12.Final.jar:/Users/jussi/.m2/repository/org/jboss/logging/jboss-logging/3.3.1.Final/jboss-logging-3.3.1.Final.jar:/Users/jussi/.m2/repository/org/hibernate/javax/persistence/hibernate-jpa-2.1-api/1.0.0.Final/hibernate-jpa-2.1-api-1.0.0.Final.jar:/Users/jussi/.m2/repository/org/javassist/javassist/3.21.0-GA/javassist-3.21.0-GA.jar:/Users/jussi/.m2/repository/antlr/antlr/2.7.7/antlr-2.7.7.jar:/Users/jussi/.m2/repository/org/jboss/jandex/2.0.0.Final/jandex-2.0.0.Final.jar:/Users/jussi/.m2/repository/dom4j/dom4j/1.6.1/dom4j-1.6.1.jar:/Users/jussi/.m2/repository/org/hibernate/common/hibernate-commons-annotations/5.0.1.Final/hibernate-commons-annotations-5.0.1.Final.jar:/Users/jussi/.m2/repository/org/hibernate/hibernate-entitymanager/5.0.12.Final/hibernate-entitymanager-5.0.12.Final.jar:/Users/jussi/.m2/repository/javax/transaction/javax.transaction-api/1.2/javax.transaction-api-1.2.jar:/Users/jussi/.m2/repository/org/springframework/data/spring-data-jpa/1.11.7.RELEASE/spring-data-jpa-1.11.7.RELEASE.jar:/Users/jussi/.m2/repository/org/springframework/data/spring-data-commons/1.13.7.RELEASE/spring-data-commons-1.13.7.RELEASE.jar:/Users/jussi/.m2/repository/org/springframework/spring-orm/4.3.11.RELEASE/spring-orm-4.3.11.RELEASE.jar:/Users/jussi/.m2/repository/org/springframework/spring-context/4.3.11.RELEASE/spring-context-4.3.11.RELEASE.jar:/Users/jussi/.m2/repository/org/springframework/spring-tx/4.3.11.RELEASE/spring-tx-4.3.11.RELEASE.jar:/Users/jussi/.m2/repository/org/springframework/spring-beans/4.3.11.RELEASE/spring-beans-4.3.11.RELEASE.jar:/Users/jussi/.m2/repository/org/slf4j/slf4j-api/1.7.25/slf4j-api-1.7.25.jar:/Users/jussi/.m2/repository/org/slf4j/jcl-over-slf4j/1.7.25/jcl-over-slf4j-1.7.25.jar:/Users/jussi/.m2/repository/org/springframework/spring-aspects/4.3.11.RELEASE/spring-aspects-4.3.11.RELEASE.jar:/Users/jussi/.m2/repository/org/springframework/boot/spring-boot-starter-web/1.5.7.RELEASE/spring-boot-starter-web-1.5.7.RELEASE.jar:/Users/jussi/.m2/repository/org/springframework/boot/spring-boot-starter-tomcat/1.5.7.RELEASE/spring-boot-starter-tomcat-1.5.7.RELEASE.jar:/Users/jussi/.m2/repository/org/apache/tomcat/embed/tomcat-embed-core/8.5.20/tomcat-embed-core-8.5.20.jar:/Users/jussi/.m2/repository/org/apache/tomcat/embed/tomcat-embed-el/8.5.20/tomcat-embed-el-8.5.20.jar:/Users/jussi/.m2/repository/org/apache/tomcat/embed/tomcat-embed-websocket/8.5.20/tomcat-embed-websocket-8.5.20.jar:/Users/jussi/.m2/repository/org/hibernate/hibernate-validator/5.3.5.Final/hibernate-validator-5.3.5.Final.jar:/Users/jussi/.m2/repository/javax/validation/validation-api/1.1.0.Final/validation-api-1.1.0.Final.jar:/Users/jussi/.m2/repository/com/fasterxml/classmate/1.3.4/classmate-1.3.4.jar:/Users/jussi/.m2/repository/com/fasterxml/jackson/core/jackson-databind/2.8.10/jackson-databind-2.8.10.jar:/Users/jussi/.m2/repository/com/fasterxml/jackson/core/jackson-annotations/2.8.0/jackson-annotations-2.8.0.jar:/Users/jussi/.m2/repository/com/fasterxml/jackson/core/jackson-core/2.8.10/jackson-core-2.8.10.jar:/Users/jussi/.m2/repository/org/springframework/spring-web/4.3.11.RELEASE/spring-web-4.3.11.RELEASE.jar:/Users/jussi/.m2/repository/org/springframework/spring-webmvc/4.3.11.RELEASE/spring-webmvc-4.3.11.RELEASE.jar:/Users/jussi/.m2/repository/org/springframework/spring-expression/4.3.11.RELEASE/spring-expression-4.3.11.RELEASE.jar:/Users/jussi/.m2/repository/com/h2database/h2/1.4.196/h2-1.4.196.jar:/Users/jussi/.m2/repository/org/springframework/boot/spring-boot-starter-test/1.5.7.RELEASE/spring-boot-starter-test-1.5.7.RELEASE.jar:/Users/jussi/.m2/repository/org/springframework/boot/spring-boot-test/1.5.7.RELEASE/spring-boot-test-1.5.7.RELEASE.jar:/Users/jussi/.m2/repository/org/springframework/boot/spring-boot-test-autoconfigure/1.5.7.RELEASE/spring-boot-test-autoconfigure-1.5.7.RELEASE.jar:/Users/jussi/.m2/repository/com/jayway/jsonpath/json-path/2.2.0/json-path-2.2.0.jar:/Users/jussi/.m2/repository/net/minidev/json-smart/2.2.1/json-smart-2.2.1.jar:/Users/jussi/.m2/repository/net/minidev/accessors-smart/1.1/accessors-smart-1.1.jar:/Users/jussi/.m2/repository/org/ow2/asm/asm/5.0.3/asm-5.0.3.jar:/Users/jussi/.m2/repository/junit/junit/4.12/junit-4.12.jar:/Users/jussi/.m2/repository/org/assertj/assertj-core/2.6.0/assertj-core-2.6.0.jar:/Users/jussi/.m2/repository/org/mockito/mockito-core/1.10.19/mockito-core-1.10.19.jar:/Users/jussi/.m2/repository/org/objenesis/objenesis/2.1/objenesis-2.1.jar:/Users/jussi/.m2/repository/org/hamcrest/hamcrest-core/1.3/hamcrest-core-1.3.jar:/Users/jussi/.m2/repository/org/hamcrest/hamcrest-library/1.3/hamcrest-library-1.3.jar:/Users/jussi/.m2/repository/org/skyscreamer/jsonassert/1.4.0/jsonassert-1.4.0.jar:/Users/jussi/.m2/repository/com/vaadin/external/google/android-json/0.0.20131108.vaadin1/android-json-0.0.20131108.vaadin1.jar:/Users/jussi/.m2/repository/org/springframework/spring-core/4.3.11.RELEASE/spring-core-4.3.11.RELEASE.jar:/Users/jussi/.m2/repository/org/springframework/spring-test/4.3.11.RELEASE/spring-test-4.3.11.RELEASE.jar:, user.name=jussi, java.vm.specification.version=1.8, sun.java.command=/Users/jussi/Documents/course-material-new/front-end-mestari/rest-server/back-end/target/surefire/surefirebooter4743746995586195685.jar /Users/jussi/Documents/course-material-new/front-end-mestari/rest-server/back-end/target/surefire/surefire2632142936890625833tmp /Users/jussi/Documents/course-material-new/front-end-mestari/rest-server/back-end/target/surefire/surefire_02906693899927475815tmp, java.home=/Library/Java/JavaVirtualMachines/jdk1.8.0_151.jdk/Contents/Home/jre, sun.arch.data.model=64, user.language=en, java.specification.vendor=Oracle Corporation, awt.toolkit=sun.lwawt.macosx.LWCToolkit, java.vm.info=mixed mode, java.version=1.8.0_151, java.ext.dirs=/Users/jussi/Library/Java/Extensions:/Library/Java/JavaVirtualMachines/jdk1.8.0_151.jdk/Contents/Home/jre/lib/ext:/Library/Java/Extensions:/Network/Library/Java/Extensions:/System/Library/Java/Extensions:/usr/lib/java, sun.boot.class.path=/Library/Java/JavaVirtualMachines/jdk1.8.0_151.jdk/Contents/Home/jre/lib/resources.jar:/Library/Java/JavaVirtualMachines/jdk1.8.0_151.jdk/Contents/Home/jre/lib/rt.jar:/Library/Java/JavaVirtualMachines/jdk1.8.0_151.jdk/Contents/Home/jre/lib/sunrsasign.jar:/Library/Java/JavaVirtualMachines/jdk1.8.0_151.jdk/Contents/Home/jre/lib/jsse.jar:/Library/Java/JavaVirtualMachines/jdk1.8.0_151.jdk/Contents/Home/jre/lib/jce.jar:/Library/Java/JavaVirtualMachines/jdk1.8.0_151.jdk/Contents/Home/jre/lib/charsets.jar:/Library/Java/JavaVirtualMachines/jdk1.8.0_151.jdk/Contents/Home/jre/lib/jfr.jar:/Library/Java/JavaVirtualMachines/jdk1.8.0_151.jdk/Contents/Home/jre/classes, java.vendor=Oracle Corporation, localRepository=/Users/jussi/.m2/repository, file.separator=/, java.vendor.url.bug=http://bugreport.sun.com/bugreport/, sun.io.unicode.encoding=UnicodeBig, sun.cpu.endian=little, sun.cpu.isalist=}}, SystemEnvironmentPropertySource@1546693040 {name='systemEnvironment', properties={PATH=/usr/local/bin:/usr/bin:/bin:/usr/sbin:/sbin:/usr/local/git/bin:/Library/Frameworks/Mono.framework/Versions/Current/Commands:/Users/jussi/Developer-pohjus/adt-bundle-mac/sdk/platform-tools:/Users/jussi/Developer-pohjus/adt-bundle-mac/sdk/tools:/Users/jussi/Developer-pohjus/apache-ant-1.9.3/bin:/Library/Frameworks/GDAL.framework/Programs:/Users/jussi/Developer-pohjus/apache-maven-3.3.9/bin:/Users/jussi/Developer-pohjus/global-node-modules:/Users/jussi/Developer-pohjus/mongodb-osx-x86_64-3.0.6/bin:/Library/Java/JavaVirtualMachines/jdk1.8.0_45.jdk/Contents/Home/db/bin:/Users/jussi/Developer-pohjus/payara412/bin/:/Users/jussi/Developer-pohjus/apache-tomcat-8.0.32/bin:/Applications/XAMPP/bin:/Users/jussi/Developer-pohjus/global-node-modules/bin/:/Library/Frameworks/Python.framework/Versions/3.4/bin, JAVA_HOME=/Library/Java/JavaVirtualMachines/jdk1.8.0_151.jdk/Contents/Home, TERM=xterm-256color, ANDROID_HOME=/Users/jussi/Developer-pohjus/adt-bundle-mac/sdk/, ITERM_SESSION_ID=w3t0p0:771B2D02-1E13-4D55-A730-BF28E07DE5C1, COLORTERM=truecolor, JAVA_MAIN_CLASS_39186=org.codehaus.plexus.classworlds.launcher.Launcher, LOGNAME=jussi, TOMCAT_HOME=/Users/jussi/Developer-pohjus/apache-tomcat-8.0.32/, JAVA_MAIN_CLASS_39200=org.apache.maven.surefire.booter.ForkedBooter, XPC_SERVICE_NAME=0, PWD=/Users/jussi/Documents/course-material-new/front-end-mestari/rest-server/back-end, TERM_PROGRAM_VERSION=3.1.6beta5, DERBY_HOME=/Library/Java/JavaVirtualMachines/jdk1.8.0_45.jdk/Contents/Home/db/, MAVEN_CMD_LINE_ARGS= test, _=/Library/Java/JavaVirtualMachines/jdk1.8.0_151.jdk/Contents/Home/jre/bin/java, SHELL=/bin/bash, TERM_PROGRAM=iTerm.app, MAVEN_PROJECTBASEDIR=/Users/jussi/Documents/course-material-new/front-end-mestari/rest-server/back-end, OLDPWD=/Users/jussi/Documents/course-material-new/front-end-mestari/rest-server/back-end, USER=jussi, ITERM_PROFILE=Default, TMPDIR=/var/folders/4g/1p7nhyrd0sx4s5mdybknz5rh0000gp/T/, SSH_AUTH_SOCK=/private/tmp/com.apple.launchd.2WwaTRNKN0/Listeners, XPC_FLAGS=0x0, TERM_SESSION_ID=w3t0p0:771B2D02-1E13-4D55-A730-BF28E07DE5C1, __CF_USER_TEXT_ENCODING=0x1F6:0x0:0x0, Apple_PubSub_Socket_Render=/private/tmp/com.apple.launchd.A8Dar9h4Hh/Render, LC_CTYPE=UTF-8, COLORFGBG=7;0, HOME=/Users/jussi, SHLVL=2}}]
19:14:19.549 [main] DEBUG org.springframework.test.context.support.TestPropertySourceUtils - Adding inlined properties to environment: {spring.jmx.enabled=false, org.springframework.boot.test.context.SpringBootTestContextBootstrapper=true, server.port=0}
19:14:19.549 [main] DEBUG org.springframework.core.env.StandardEnvironment - Adding PropertySource 'Inlined Test Properties' with highest search precedence
  _     ___   ____    _  _____ ___ ___  _   _   ____  _____ ____ _____ __       _      _    ____ ___
 | |   / _ \ / ___|  / \|_   _|_ _/ _ \| \ | | |  _ \| ____/ ___|_   _/ _|_   _| |    / \  |  _ \_ _|
 | |  | | | | |     / _ \ | |  | | | | |  \| | | |_) |  _| \___ \ | || |_| | | | |   / _ \ | |_) | |
 | |__| |_| | |___ / ___ \| |  | | |_| | |\  | |  _ <| |___ ___) || ||  _| |_| | |  / ___ \|  __/| |
 |_____\___/ \____/_/   \_\_| |___\___/|_|_\_| |_| \_\_____|____/ |_||_|  \__,_|_| /_/   \_\_|  |___|
2018-04-09 19:14:19.895  INFO 39200 --- [           main] f.j.r.r.RestServerApplicationTests       : Starting RestServerApplicationTests on MacBook-Pro-6.local with PID 39200 (started by jussi in /Users/jussi/Documents/course-material-new/front-end-mestari/rest-server/back-end)
2018-04-09 19:14:19.897  INFO 39200 --- [           main] f.j.r.r.RestServerApplicationTests       : No active profile set, falling back to default profiles: default
2018-04-09 19:14:19.931  INFO 39200 --- [           main] ationConfigEmbeddedWebApplicationContext : Refreshing org.springframework.boot.context.embedded.AnnotationConfigEmbeddedWebApplicationContext@50b5ac82: startup date [Mon Apr 09 19:14:19 EEST 2018]; root of context hierarchy
2018-04-09 19:14:21.758  INFO 39200 --- [           main] s.b.c.e.t.TomcatEmbeddedServletContainer : Tomcat initialized with port(s): 0 (http)
2018-04-09 19:14:21.770  INFO 39200 --- [           main] o.apache.catalina.core.StandardService   : Starting service [Tomcat]
2018-04-09 19:14:21.772  INFO 39200 --- [           main] org.apache.catalina.core.StandardEngine  : Starting Servlet Engine: Apache Tomcat/8.5.20
2018-04-09 19:14:21.930  INFO 39200 --- [ost-startStop-1] o.a.c.c.C.[Tomcat].[localhost].[/]       : Initializing Spring embedded WebApplicationContext
2018-04-09 19:14:21.930  INFO 39200 --- [ost-startStop-1] o.s.web.context.ContextLoader            : Root WebApplicationContext: initialization completed in 2004 ms
2018-04-09 19:14:22.105  INFO 39200 --- [ost-startStop-1] o.s.b.w.servlet.ServletRegistrationBean  : Mapping servlet: 'dispatcherServlet' to [/]
2018-04-09 19:14:22.107  INFO 39200 --- [ost-startStop-1] o.s.b.w.servlet.ServletRegistrationBean  : Mapping servlet: 'webServlet' to [/h2-console/*]
2018-04-09 19:14:22.113  INFO 39200 --- [ost-startStop-1] o.s.b.w.servlet.FilterRegistrationBean   : Mapping filter: 'characterEncodingFilter' to: [/*]
2018-04-09 19:14:22.114  INFO 39200 --- [ost-startStop-1] o.s.b.w.servlet.FilterRegistrationBean   : Mapping filter: 'hiddenHttpMethodFilter' to: [/*]
2018-04-09 19:14:22.114  INFO 39200 --- [ost-startStop-1] o.s.b.w.servlet.FilterRegistrationBean   : Mapping filter: 'httpPutFormContentFilter' to: [/*]
2018-04-09 19:14:22.114  INFO 39200 --- [ost-startStop-1] o.s.b.w.servlet.FilterRegistrationBean   : Mapping filter: 'requestContextFilter' to: [/*]
2018-04-09 19:14:22.673  INFO 39200 --- [           main] j.LocalContainerEntityManagerFactoryBean : Building JPA container EntityManagerFactory for persistence unit 'default'
2018-04-09 19:14:22.703  INFO 39200 --- [           main] o.hibernate.jpa.internal.util.LogHelper  : HHH000204: Processing PersistenceUnitInfo [
	name: default
	...]
2018-04-09 19:14:22.824  INFO 39200 --- [           main] org.hibernate.Version                    : HHH000412: Hibernate Core {5.0.12.Final}
2018-04-09 19:14:22.826  INFO 39200 --- [           main] org.hibernate.cfg.Environment            : HHH000206: hibernate.properties not found
2018-04-09 19:14:22.828  INFO 39200 --- [           main] org.hibernate.cfg.Environment            : HHH000021: Bytecode provider name : javassist
2018-04-09 19:14:22.882  INFO 39200 --- [           main] o.hibernate.annotations.common.Version   : HCANN000001: Hibernate Commons Annotations {5.0.1.Final}
2018-04-09 19:14:23.081  INFO 39200 --- [           main] org.hibernate.dialect.Dialect            : HHH000400: Using dialect: org.hibernate.dialect.H2Dialect
2018-04-09 19:14:23.595  INFO 39200 --- [           main] org.hibernate.tool.hbm2ddl.SchemaExport  : HHH000227: Running hbm2ddl schema export
2018-04-09 19:14:23.608  INFO 39200 --- [           main] org.hibernate.tool.hbm2ddl.SchemaExport  : HHH000230: Schema export complete
2018-04-09 19:14:23.642  INFO 39200 --- [           main] j.LocalContainerEntityManagerFactoryBean : Initialized JPA EntityManagerFactory for persistence unit 'default'
2018-04-09 19:14:24.379  INFO 39200 --- [           main] s.w.s.m.m.a.RequestMappingHandlerAdapter : Looking for @ControllerAdvice: org.springframework.boot.context.embedded.AnnotationConfigEmbeddedWebApplicationContext@50b5ac82: startup date [Mon Apr 09 19:14:19 EEST 2018]; root of context hierarchy
2018-04-09 19:14:24.496  INFO 39200 --- [           main] s.w.s.m.m.a.RequestMappingHandlerMapping : Mapped "{[/api/locations/],methods=[POST]}" onto public org.springframework.http.ResponseEntity<fi.jussi.restserver.restserver.model.Location> fi.jussi.restserver.restserver.restcontroller.MyRestController.save(fi.jussi.restserver.restserver.model.Location,org.springframework.web.util.UriComponentsBuilder)
2018-04-09 19:14:24.498  INFO 39200 --- [           main] s.w.s.m.m.a.RequestMappingHandlerMapping : Mapped "{[/api/locations/{locationId}],methods=[GET]}" onto public org.springframework.http.ResponseEntity<fi.jussi.restserver.restserver.model.Location> fi.jussi.restserver.restserver.restcontroller.MyRestController.fetchLocation(long) throws fi.jussi.restserver.restserver.repository.CannotFindLocationException
2018-04-09 19:14:24.498  INFO 39200 --- [           main] s.w.s.m.m.a.RequestMappingHandlerMapping : Mapped "{[/api/locations/],methods=[GET]}" onto public java.lang.Iterable<fi.jussi.restserver.restserver.model.Location> fi.jussi.restserver.restserver.restcontroller.MyRestController.fetchAll()
2018-04-09 19:14:24.499  INFO 39200 --- [           main] s.w.s.m.m.a.RequestMappingHandlerMapping : Mapped "{[/api/locations/{locationId}],methods=[DELETE]}" onto public org.springframework.http.ResponseEntity<java.lang.Void> fi.jussi.restserver.restserver.restcontroller.MyRestController.deleteLocation(long) throws fi.jussi.restserver.restserver.repository.CannotFindLocationException
2018-04-09 19:14:24.502  INFO 39200 --- [           main] s.w.s.m.m.a.RequestMappingHandlerMapping : Mapped "{[/error]}" onto public org.springframework.http.ResponseEntity<java.util.Map<java.lang.String, java.lang.Object>> org.springframework.boot.autoconfigure.web.BasicErrorController.error(javax.servlet.http.HttpServletRequest)
2018-04-09 19:14:24.503  INFO 39200 --- [           main] s.w.s.m.m.a.RequestMappingHandlerMapping : Mapped "{[/error],produces=[text/html]}" onto public org.springframework.web.servlet.ModelAndView org.springframework.boot.autoconfigure.web.BasicErrorController.errorHtml(javax.servlet.http.HttpServletRequest,javax.servlet.http.HttpServletResponse)
2018-04-09 19:14:24.567  INFO 39200 --- [           main] o.s.w.s.handler.SimpleUrlHandlerMapping  : Mapped URL path [/webjars/**] onto handler of type [class org.springframework.web.servlet.resource.ResourceHttpRequestHandler]
2018-04-09 19:14:24.568  INFO 39200 --- [           main] o.s.w.s.handler.SimpleUrlHandlerMapping  : Mapped URL path [/**] onto handler of type [class org.springframework.web.servlet.resource.ResourceHttpRequestHandler]
2018-04-09 19:14:24.595  INFO 39200 --- [           main] .m.m.a.ExceptionHandlerExceptionResolver : Detected @ExceptionHandler methods in myExceptionHandler
2018-04-09 19:14:24.635  INFO 39200 --- [           main] o.s.w.s.handler.SimpleUrlHandlerMapping  : Mapped URL path [/**/favicon.ico] onto handler of type [class org.springframework.web.servlet.resource.ResourceHttpRequestHandler]
2018-04-09 19:14:24.672  INFO 39200 --- [           main] oConfiguration$WelcomePageHandlerMapping : Adding welcome page: class path resource [static/index.html]
2018-04-09 19:14:24.993  INFO 39200 --- [           main] s.b.c.e.t.TomcatEmbeddedServletContainer : Tomcat started on port(s): 62110 (http)
2018-04-09 19:14:24.997  INFO 39200 --- [           main] f.j.r.restserver.RestServerApplication   : INSTRUCTIONS
2018-04-09 19:14:24.998  INFO 39200 --- [           main] f.j.r.restserver.RestServerApplication   : ------------
2018-04-09 19:14:24.998  INFO 39200 --- [           main] f.j.r.restserver.RestServerApplication   : GET all locations
2018-04-09 19:14:24.998  INFO 39200 --- [           main] f.j.r.restserver.RestServerApplication   :     curl -X GET http://localhost:8080/api/locations/
2018-04-09 19:14:24.998  INFO 39200 --- [           main] f.j.r.restserver.RestServerApplication   : GET one location
2018-04-09 19:14:24.998  INFO 39200 --- [           main] f.j.r.restserver.RestServerApplication   :     curl -X GET http://localhost:8080/api/locations/1
2018-04-09 19:14:24.998  INFO 39200 --- [           main] f.j.r.restserver.RestServerApplication   : DELETE one location
2018-04-09 19:14:24.998  INFO 39200 --- [           main] f.j.r.restserver.RestServerApplication   :     curl -X DELETE http://localhost:8080/api/locations/1
2018-04-09 19:14:24.998  INFO 39200 --- [           main] f.j.r.restserver.RestServerApplication   : POST one location
2018-04-09 19:14:24.998  INFO 39200 --- [           main] f.j.r.restserver.RestServerApplication   :     curl -X POST -H "Content-type: application/json" -d "{\"latitude\": 10.0, \"longitude\": 11.0}" http://localhost:8080/api/locations/
2018-04-09 19:14:25.000  INFO 39200 --- [           main] f.j.r.r.RestServerApplicationTests       : Started RestServerApplicationTests in 5.446 seconds (JVM running for 6.308)
]]></system-out>
  </testcase>
</testsuite>